<?xml version="1.0" encoding="UTF-8"?>
<testsuite xmlns:xsi="http://www.w3.org/2001/XMLSchema-instance" xsi:noNamespaceSchemaLocation="https://maven.apache.org/surefire/maven-surefire-plugin/xsd/surefire-test-report-3.0.xsd" version="3.0" name="gep.ma.intelligent.pv.IntelligentPvApplicationTests" time="3.402" tests="1" errors="0" skipped="0" failures="0">
  <properties>
[...]
</properties>
  <testcase name="contextLoads" classname="gep.ma.intelligent.pv.IntelligentPvApplicationTests" time="0.476">
    <system-out><![CDATA[11:45:11.443 [main] INFO org.springframework.test.context.support.AnnotationConfigContextLoaderUtils -- Could not detect default configuration classes for test class [gep.ma.intelligent.pv.IntelligentPvApplicationTests]: IntelligentPvApplicationTests does not declare any static, non-private, non-final, nested classes annotated with @Configuration.
11:45:11.496 [main] INFO org.springframework.boot.test.context.SpringBootTestContextBootstrapper -- Found @SpringBootConfiguration gep.ma.intelligent.pv.IntelligentPvApplication for test class gep.ma.intelligent.pv.IntelligentPvApplicationTests
11:45:11.571 [main] INFO org.springframework.boot.devtools.restart.RestartApplicationListener -- Restart disabled due to context in which it is running
  .   ____          _            __ _ _
 /\\ / ___'_ __ _ _(_)_ __  __ _ \ \ \ \
( ( )\___ | '_ | '_| | '_ \/ _` | \ \ \ \
 \\/  ___)| |_)| | | | | || (_| |  ) ) ) )
  '  |____| .__|_| |_|_| |_\__, | / / / /
 =========|_|==============|___/=/_/_/_/

 :: Spring Boot ::                (v3.3.0)

2024-12-04T11:45:11.755+01:00  INFO 72666 --- [intelligent_pv] [           main] g.m.i.pv.IntelligentPvApplicationTests   : Starting IntelligentPvApplicationTests using Java 22.0.2 with PID 72666 (started by youssef.elassaoui in /Users/youssef.elassaoui/IntelligentPV--/intelligent-pv-backend)
2024-12-04T11:45:11.756+01:00  INFO 72666 --- [intelligent_pv] [           main] g.m.i.pv.IntelligentPvApplicationTests   : No active profile set, falling back to 1 default profile: "default"
2024-12-04T11:45:11.756+01:00 DEBUG 72666 --- [intelligent_pv] [           main] o.s.boot.SpringApplication               : Loading source class gep.ma.intelligent.pv.IntelligentPvApplication
2024-12-04T11:45:11.775+01:00 TRACE 72666 --- [intelligent_pv] [           main] uePropertySourceEnvironmentPostProcessor : RandomValuePropertySource add to Environment
2024-12-04T11:45:11.776+01:00 DEBUG 72666 --- [intelligent_pv] [           main] o.s.w.c.s.GenericWebApplicationContext   : Refreshing org.springframework.web.context.support.GenericWebApplicationContext@1cefc4b3
2024-12-04T11:45:11.786+01:00 DEBUG 72666 --- [intelligent_pv] [           main] o.s.b.f.s.DefaultListableBeanFactory     : Creating shared instance of singleton bean 'org.springframework.context.annotation.internalConfigurationAnnotationProcessor'
2024-12-04T11:45:11.793+01:00 DEBUG 72666 --- [intelligent_pv] [           main] o.s.b.f.s.DefaultListableBeanFactory     : Creating shared instance of singleton bean 'org.springframework.boot.autoconfigure.internalCachingMetadataReaderFactory'
2024-12-04T11:45:11.815+01:00 DEBUG 72666 --- [intelligent_pv] [           main] o.s.c.a.ClassPathBeanDefinitionScanner   : Identified candidate component class: file [/Users/youssef.elassaoui/IntelligentPV--/intelligent-pv-backend/target/classes/gep/ma/intelligent/pv/Config/SecurityConfig.class]
2024-12-04T11:45:11.815+01:00 DEBUG 72666 --- [intelligent_pv] [           main] o.s.c.a.ClassPathBeanDefinitionScanner   : Identified candidate component class: file [/Users/youssef.elassaoui/IntelligentPV--/intelligent-pv-backend/target/classes/gep/ma/intelligent/pv/Config/WebConfig.class]
2024-12-04T11:45:11.822+01:00 DEBUG 72666 --- [intelligent_pv] [           main] o.s.c.a.ClassPathBeanDefinitionScanner   : Identified candidate component class: file [/Users/youssef.elassaoui/IntelligentPV--/intelligent-pv-backend/target/classes/gep/ma/intelligent/pv/Controllers/AdminController.class]
2024-12-04T11:45:11.822+01:00 DEBUG 72666 --- [intelligent_pv] [           main] o.s.c.a.ClassPathBeanDefinitionScanner   : Identified candidate component class: file [/Users/youssef.elassaoui/IntelligentPV--/intelligent-pv-backend/target/classes/gep/ma/intelligent/pv/Controllers/DevicesByPlantController.class]
2024-12-04T11:45:11.822+01:00 DEBUG 72666 --- [intelligent_pv] [           main] o.s.c.a.ClassPathBeanDefinitionScanner   : Identified candidate component class: file [/Users/youssef.elassaoui/IntelligentPV--/intelligent-pv-backend/target/classes/gep/ma/intelligent/pv/Controllers/ErrorsController.class]
2024-12-04T11:45:11.823+01:00 DEBUG 72666 --- [intelligent_pv] [           main] o.s.c.a.ClassPathBeanDefinitionScanner   : Identified candidate component class: file [/Users/youssef.elassaoui/IntelligentPV--/intelligent-pv-backend/target/classes/gep/ma/intelligent/pv/Controllers/KpisController.class]
2024-12-04T11:45:11.823+01:00 DEBUG 72666 --- [intelligent_pv] [           main] o.s.c.a.ClassPathBeanDefinitionScanner   : Identified candidate component class: file [/Users/youssef.elassaoui/IntelligentPV--/intelligent-pv-backend/target/classes/gep/ma/intelligent/pv/Controllers/MeasuresController.class]
2024-12-04T11:45:11.823+01:00 DEBUG 72666 --- [intelligent_pv] [           main] o.s.c.a.ClassPathBeanDefinitionScanner   : Identified candidate component class: file [/Users/youssef.elassaoui/IntelligentPV--/intelligent-pv-backend/target/classes/gep/ma/intelligent/pv/Controllers/PlantsController.class]
2024-12-04T11:45:11.823+01:00 DEBUG 72666 --- [intelligent_pv] [           main] o.s.c.a.ClassPathBeanDefinitionScanner   : Identified candidate component class: file [/Users/youssef.elassaoui/IntelligentPV--/intelligent-pv-backend/target/classes/gep/ma/intelligent/pv/Controllers/UserController.class]
2024-12-04T11:45:11.829+01:00 DEBUG 72666 --- [intelligent_pv] [           main] o.s.c.a.ClassPathBeanDefinitionScanner   : Ignored because not a concrete top-level class: file [/Users/youssef.elassaoui/IntelligentPV--/intelligent-pv-backend/target/classes/gep/ma/intelligent/pv/Repos/DevicesByPlantRepository.class]
2024-12-04T11:45:11.829+01:00 DEBUG 72666 --- [intelligent_pv] [           main] o.s.c.a.ClassPathBeanDefinitionScanner   : Ignored because not a concrete top-level class: file [/Users/youssef.elassaoui/IntelligentPV--/intelligent-pv-backend/target/classes/gep/ma/intelligent/pv/Repos/ErrorsRepository.class]
2024-12-04T11:45:11.829+01:00 DEBUG 72666 --- [intelligent_pv] [           main] o.s.c.a.ClassPathBeanDefinitionScanner   : Ignored because not a concrete top-level class: file [/Users/youssef.elassaoui/IntelligentPV--/intelligent-pv-backend/target/classes/gep/ma/intelligent/pv/Repos/KpisRepository.class]
2024-12-04T11:45:11.830+01:00 DEBUG 72666 --- [intelligent_pv] [           main] o.s.c.a.ClassPathBeanDefinitionScanner   : Ignored because not a concrete top-level class: file [/Users/youssef.elassaoui/IntelligentPV--/intelligent-pv-backend/target/classes/gep/ma/intelligent/pv/Repos/MeasuresRepository.class]
2024-12-04T11:45:11.830+01:00 DEBUG 72666 --- [intelligent_pv] [           main] o.s.c.a.ClassPathBeanDefinitionScanner   : Ignored because not a concrete top-level class: file [/Users/youssef.elassaoui/IntelligentPV--/intelligent-pv-backend/target/classes/gep/ma/intelligent/pv/Repos/PlantsRepository.class]
2024-12-04T11:45:11.830+01:00 DEBUG 72666 --- [intelligent_pv] [           main] o.s.c.a.ClassPathBeanDefinitionScanner   : Ignored because not a concrete top-level class: file [/Users/youssef.elassaoui/IntelligentPV--/intelligent-pv-backend/target/classes/gep/ma/intelligent/pv/Repos/UserRepository.class]
2024-12-04T11:45:11.830+01:00 DEBUG 72666 --- [intelligent_pv] [           main] o.s.c.a.ClassPathBeanDefinitionScanner   : Identified candidate component class: file [/Users/youssef.elassaoui/IntelligentPV--/intelligent-pv-backend/target/classes/gep/ma/intelligent/pv/Security/JwtAuthenticationFilter.class]
2024-12-04T11:45:11.831+01:00 DEBUG 72666 --- [intelligent_pv] [           main] o.s.c.a.ClassPathBeanDefinitionScanner   : Identified candidate component class: file [/Users/youssef.elassaoui/IntelligentPV--/intelligent-pv-backend/target/classes/gep/ma/intelligent/pv/Services/DevicesByPlantService.class]
2024-12-04T11:45:11.831+01:00 DEBUG 72666 --- [intelligent_pv] [           main] o.s.c.a.ClassPathBeanDefinitionScanner   : Identified candidate component class: file [/Users/youssef.elassaoui/IntelligentPV--/intelligent-pv-backend/target/classes/gep/ma/intelligent/pv/Services/ErrorsService.class]
2024-12-04T11:45:11.831+01:00 DEBUG 72666 --- [intelligent_pv] [           main] o.s.c.a.ClassPathBeanDefinitionScanner   : Identified candidate component class: file [/Users/youssef.elassaoui/IntelligentPV--/intelligent-pv-backend/target/classes/gep/ma/intelligent/pv/Services/KpisService.class]
2024-12-04T11:45:11.831+01:00 DEBUG 72666 --- [intelligent_pv] [           main] o.s.c.a.ClassPathBeanDefinitionScanner   : Identified candidate component class: file [/Users/youssef.elassaoui/IntelligentPV--/intelligent-pv-backend/target/classes/gep/ma/intelligent/pv/Services/MeasuresService.class]
2024-12-04T11:45:11.832+01:00 DEBUG 72666 --- [intelligent_pv] [           main] o.s.c.a.ClassPathBeanDefinitionScanner   : Identified candidate component class: file [/Users/youssef.elassaoui/IntelligentPV--/intelligent-pv-backend/target/classes/gep/ma/intelligent/pv/Services/PlantsService.class]
2024-12-04T11:45:11.832+01:00 DEBUG 72666 --- [intelligent_pv] [           main] o.s.c.a.ClassPathBeanDefinitionScanner   : Identified candidate component class: file [/Users/youssef.elassaoui/IntelligentPV--/intelligent-pv-backend/target/classes/gep/ma/intelligent/pv/Services/UserDetailsServiceImpl.class]
2024-12-04T11:45:11.832+01:00 DEBUG 72666 --- [intelligent_pv] [           main] o.s.c.a.ClassPathBeanDefinitionScanner   : Identified candidate component class: file [/Users/youssef.elassaoui/IntelligentPV--/intelligent-pv-backend/target/classes/gep/ma/intelligent/pv/Services/UserService.class]
2024-12-04T11:45:11.832+01:00 DEBUG 72666 --- [intelligent_pv] [           main] o.s.c.a.ClassPathBeanDefinitionScanner   : Identified candidate component class: file [/Users/youssef.elassaoui/IntelligentPV--/intelligent-pv-backend/target/classes/gep/ma/intelligent/pv/Util/JwtUtils.class]
2024-12-04T11:45:11.982+01:00 TRACE 72666 --- [intelligent_pv] [           main] s.b.a.a.e.c.OnAvailableEndpointCondition : Condition OnAvailableEndpointCondition on org.springframework.boot.actuate.autoconfigure.audit.AuditEventsEndpointAutoConfiguration did not match due to @ConditionalOnAvailableEndpoint no 'management.endpoints' property marked it as exposed
2024-12-04T11:45:11.985+01:00 TRACE 72666 --- [intelligent_pv] [           main] yProbesAutoConfiguration$ProbesCondition : Condition AvailabilityProbesAutoConfiguration.ProbesCondition on org.springframework.boot.actuate.autoconfigure.availability.AvailabilityProbesAutoConfiguration did not match due to Probes availability not running on a supported cloud platform
2024-12-04T11:45:11.986+01:00 TRACE 72666 --- [intelligent_pv] [           main] s.b.a.a.e.c.OnAvailableEndpointCondition : Condition OnAvailableEndpointCondition on org.springframework.boot.actuate.autoconfigure.beans.BeansEndpointAutoConfiguration did not match due to @ConditionalOnAvailableEndpoint no 'management.endpoints' property marked it as exposed
2024-12-04T11:45:11.997+01:00 TRACE 72666 --- [intelligent_pv] [           main] s.b.a.a.e.c.OnAvailableEndpointCondition : Condition OnAvailableEndpointCondition on org.springframework.boot.actuate.autoconfigure.cache.CachesEndpointAutoConfiguration did not match due to @ConditionalOnAvailableEndpoint no 'management.endpoints' property marked it as exposed
2024-12-04T11:45:12.000+01:00 TRACE 72666 --- [intelligent_pv] [           main] .a.a.h.OnEnabledHealthIndicatorCondition : Condition OnEnabledHealthIndicatorCondition on org.springframework.boot.actuate.autoconfigure.cassandra.CassandraHealthContributorAutoConfiguration matched due to @ConditionalOnEnabledHealthIndicator management.health.defaults.enabled is considered true
2024-12-04T11:45:12.003+01:00 TRACE 72666 --- [intelligent_pv] [           main] s.b.a.a.e.c.OnAvailableEndpointCondition : Condition OnAvailableEndpointCondition on org.springframework.boot.actuate.autoconfigure.health.HealthEndpointAutoConfiguration matched due to @ConditionalOnAvailableEndpoint marked as exposed by a 'management.endpoints.web.exposure' property
2024-12-04T11:45:12.005+01:00 TRACE 72666 --- [intelligent_pv] [           main] s.b.a.a.e.c.OnAvailableEndpointCondition : Condition OnAvailableEndpointCondition on org.springframework.boot.actuate.autoconfigure.health.HealthEndpointWebExtensionConfiguration matched due to @ConditionalOnAvailableEndpoint marked as exposed by a 'management.endpoints.web.exposure' property
2024-12-04T11:45:12.006+01:00 TRACE 72666 --- [intelligent_pv] [           main] s.b.a.a.e.c.OnAvailableEndpointCondition : Condition OnAvailableEndpointCondition on org.springframework.boot.actuate.autoconfigure.health.HealthEndpointWebExtensionConfiguration$MvcAdditionalHealthEndpointPathsConfiguration matched due to @ConditionalOnAvailableEndpoint marked as exposed by a 'management.endpoints.web.exposure' property
2024-12-04T11:45:12.010+01:00 TRACE 72666 --- [intelligent_pv] [           main] s.b.a.a.e.c.OnAvailableEndpointCondition : Condition OnAvailableEndpointCondition on org.springframework.boot.actuate.autoconfigure.info.InfoEndpointAutoConfiguration did not match due to @ConditionalOnAvailableEndpoint no 'management.endpoints' property marked it as exposed
2024-12-04T11:45:12.012+01:00 TRACE 72666 --- [intelligent_pv] [           main] s.b.a.a.e.c.OnAvailableEndpointCondition : Condition OnAvailableEndpointCondition on org.springframework.boot.actuate.autoconfigure.condition.ConditionsReportEndpointAutoConfiguration did not match due to @ConditionalOnAvailableEndpoint no 'management.endpoints' property marked it as exposed
2024-12-04T11:45:12.013+01:00 TRACE 72666 --- [intelligent_pv] [           main] s.b.a.a.e.c.OnAvailableEndpointCondition : Condition OnAvailableEndpointCondition on org.springframework.boot.actuate.autoconfigure.context.ShutdownEndpointAutoConfiguration did not match due to @ConditionalOnAvailableEndpoint no property management.endpoint.shutdown.enabled found so using endpoint default of false
2024-12-04T11:45:12.014+01:00 TRACE 72666 --- [intelligent_pv] [           main] s.b.a.a.e.c.OnAvailableEndpointCondition : Condition OnAvailableEndpointCondition on org.springframework.boot.actuate.autoconfigure.context.properties.ConfigurationPropertiesReportEndpointAutoConfiguration did not match due to @ConditionalOnAvailableEndpoint no 'management.endpoints' property marked it as exposed
2024-12-04T11:45:12.017+01:00 TRACE 72666 --- [intelligent_pv] [           main] s.b.a.a.e.c.OnAvailableEndpointCondition : Condition OnAvailableEndpointCondition on org.springframework.boot.actuate.autoconfigure.env.EnvironmentEndpointAutoConfiguration did not match due to @ConditionalOnAvailableEndpoint no 'management.endpoints' property marked it as exposed
2024-12-04T11:45:12.017+01:00 TRACE 72666 --- [intelligent_pv] [           main] .a.a.h.OnEnabledHealthIndicatorCondition : Condition OnEnabledHealthIndicatorCondition on org.springframework.boot.actuate.autoconfigure.system.DiskSpaceHealthContributorAutoConfiguration matched due to @ConditionalOnEnabledHealthIndicator management.health.defaults.enabled is considered true
2024-12-04T11:45:12.020+01:00 TRACE 72666 --- [intelligent_pv] [           main] s.b.a.a.e.c.OnAvailableEndpointCondition : Condition OnAvailableEndpointCondition on org.springframework.boot.actuate.autoconfigure.logging.LogFileWebEndpointAutoConfiguration did not match due to @ConditionalOnAvailableEndpoint no 'management.endpoints' property marked it as exposed
2024-12-04T11:45:12.021+01:00 TRACE 72666 --- [intelligent_pv] [           main] s.b.a.a.e.c.OnAvailableEndpointCondition : Condition OnAvailableEndpointCondition on org.springframework.boot.actuate.autoconfigure.logging.LoggersEndpointAutoConfiguration did not match due to @ConditionalOnAvailableEndpoint no 'management.endpoints' property marked it as exposed
2024-12-04T11:45:12.022+01:00 TRACE 72666 --- [intelligent_pv] [           main] s.b.a.a.e.c.OnAvailableEndpointCondition : Condition OnAvailableEndpointCondition on org.springframework.boot.actuate.autoconfigure.management.HeapDumpWebEndpointAutoConfiguration did not match due to @ConditionalOnAvailableEndpoint no 'management.endpoints' property marked it as exposed
2024-12-04T11:45:12.022+01:00 TRACE 72666 --- [intelligent_pv] [           main] s.b.a.a.e.c.OnAvailableEndpointCondition : Condition OnAvailableEndpointCondition on org.springframework.boot.actuate.autoconfigure.management.ThreadDumpEndpointAutoConfiguration did not match due to @ConditionalOnAvailableEndpoint no 'management.endpoints' property marked it as exposed
2024-12-04T11:45:12.024+01:00 TRACE 72666 --- [intelligent_pv] [           main] .a.a.m.e.OnMetricsExportEnabledCondition : Condition OnMetricsExportEnabledCondition on org.springframework.boot.actuate.autoconfigure.metrics.export.simple.SimpleMetricsExportAutoConfiguration matched due to @ConditionalOnEnabledMetricsExport management.simple.metrics.export.enabled is true
2024-12-04T11:45:12.031+01:00 TRACE 72666 --- [intelligent_pv] [           main] utoConfiguration$LogbackLoggingCondition : Condition LogbackMetricsAutoConfiguration.LogbackLoggingCondition on org.springframework.boot.actuate.autoconfigure.metrics.LogbackMetricsAutoConfiguration matched due to LogbackLoggingCondition ILoggerFactory is a Logback LoggerContext
2024-12-04T11:45:12.032+01:00 TRACE 72666 --- [intelligent_pv] [           main] s.b.a.a.e.c.OnAvailableEndpointCondition : Condition OnAvailableEndpointCondition on org.springframework.boot.actuate.autoconfigure.metrics.MetricsEndpointAutoConfiguration did not match due to @ConditionalOnAvailableEndpoint no 'management.endpoints' property marked it as exposed
2024-12-04T11:45:12.048+01:00 TRACE 72666 --- [intelligent_pv] [           main] s.b.a.a.e.c.OnAvailableEndpointCondition : Condition OnAvailableEndpointCondition on org.springframework.boot.actuate.autoconfigure.sbom.SbomEndpointAutoConfiguration did not match due to @ConditionalOnAvailableEndpoint no 'management.endpoints' property marked it as exposed
2024-12-04T11:45:12.050+01:00 TRACE 72666 --- [intelligent_pv] [           main] s.b.a.a.e.c.OnAvailableEndpointCondition : Condition OnAvailableEndpointCondition on org.springframework.boot.actuate.autoconfigure.scheduling.ScheduledTasksEndpointAutoConfiguration did not match due to @ConditionalOnAvailableEndpoint no 'management.endpoints' property marked it as exposed
2024-12-04T11:45:12.052+01:00 TRACE 72666 --- [intelligent_pv] [           main] onfiguration$ApplicationStartupCondition : Condition StartupEndpointAutoConfiguration.ApplicationStartupCondition on org.springframework.boot.actuate.autoconfigure.startup.StartupEndpointAutoConfiguration did not match due to ApplicationStartup configured applicationStartup is of type class org.springframework.core.metrics.DefaultApplicationStartup, expected BufferingApplicationStartup.
2024-12-04T11:45:12.054+01:00 TRACE 72666 --- [intelligent_pv] [           main] s.b.a.a.e.c.OnAvailableEndpointCondition : Condition OnAvailableEndpointCondition on org.springframework.boot.actuate.autoconfigure.web.exchanges.HttpExchangesEndpointAutoConfiguration did not match due to @ConditionalOnAvailableEndpoint no 'management.endpoints' property marked it as exposed
2024-12-04T11:45:12.054+01:00 TRACE 72666 --- [intelligent_pv] [           main] s.b.a.a.e.c.OnAvailableEndpointCondition : Condition OnAvailableEndpointCondition on org.springframework.boot.actuate.autoconfigure.web.mappings.MappingsEndpointAutoConfiguration did not match due to @ConditionalOnAvailableEndpoint no 'management.endpoints' property marked it as exposed
2024-12-04T11:45:12.080+01:00 TRACE 72666 --- [intelligent_pv] [           main] o.s.b.d.a.OnEnabledDevToolsCondition     : Condition OnEnabledDevToolsCondition on org.springframework.boot.devtools.autoconfigure.DevToolsDataSourceAutoConfiguration did not match due to Devtools devtools is disabled for current context.
2024-12-04T11:45:12.080+01:00 TRACE 72666 --- [intelligent_pv] [           main] .s.b.d.r.OnInitializedRestarterCondition : Condition OnInitializedRestarterCondition on org.springframework.boot.devtools.autoconfigure.LocalDevToolsAutoConfiguration did not match due to Initialized Restarter Condition initialized without URLs
2024-12-04T11:45:12.083+01:00 TRACE 72666 --- [intelligent_pv] [           main] o.s.b.a.a.w.s.OnManagementPortCondition  : Condition OnManagementPortCondition on org.springframework.boot.actuate.autoconfigure.web.server.ManagementContextAutoConfiguration$DifferentManagementContextConfiguration did not match due to Management Port actual port type (SAME) did not match required type (DIFFERENT)
2024-12-04T11:45:12.083+01:00 TRACE 72666 --- [intelligent_pv] [           main] o.s.b.a.a.w.s.OnManagementPortCondition  : Condition OnManagementPortCondition on org.springframework.boot.actuate.autoconfigure.web.server.ManagementContextAutoConfiguration$SameManagementContextConfiguration matched due to Management Port actual port type (SAME) matched required type
2024-12-04T11:45:12.097+01:00  INFO 72666 --- [intelligent_pv] [           main] .s.d.r.c.RepositoryConfigurationDelegate : Bootstrapping Spring Data Cassandra repositories in DEFAULT mode.
2024-12-04T11:45:12.116+01:00 DEBUG 72666 --- [intelligent_pv] [           main] ssPathScanningCandidateComponentProvider : Identified candidate component class: file [/Users/youssef.elassaoui/IntelligentPV--/intelligent-pv-backend/target/classes/gep/ma/intelligent/pv/Services/UserDetailsServiceImpl.class]
2024-12-04T11:45:12.122+01:00  INFO 72666 --- [intelligent_pv] [           main] .s.d.r.c.RepositoryConfigurationDelegate : Finished Spring Data repository scanning in 22 ms. Found 6 Cassandra repository interfaces.
2024-12-04T11:45:12.209+01:00 TRACE 72666 --- [intelligent_pv] [           main] .a.a.h.OnEnabledHealthIndicatorCondition : Condition OnEnabledHealthIndicatorCondition on org.springframework.boot.actuate.autoconfigure.cassandra.CassandraHealthContributorAutoConfiguration matched due to @ConditionalOnEnabledHealthIndicator management.health.defaults.enabled is considered true
2024-12-04T11:45:12.210+01:00 TRACE 72666 --- [intelligent_pv] [           main] s.b.a.a.e.c.OnAvailableEndpointCondition : Condition OnAvailableEndpointCondition on org.springframework.boot.actuate.autoconfigure.health.HealthEndpointAutoConfiguration matched due to @ConditionalOnAvailableEndpoint marked as exposed by a 'management.endpoints.web.exposure' property
2024-12-04T11:45:12.214+01:00 TRACE 72666 --- [intelligent_pv] [           main] s.b.a.a.e.c.OnAvailableEndpointCondition : Condition OnAvailableEndpointCondition on org.springframework.boot.actuate.autoconfigure.health.HealthEndpointWebExtensionConfiguration matched due to @ConditionalOnAvailableEndpoint marked as exposed by a 'management.endpoints.web.exposure' property
2024-12-04T11:45:12.214+01:00 TRACE 72666 --- [intelligent_pv] [           main] s.b.a.a.e.c.OnAvailableEndpointCondition : Condition OnAvailableEndpointCondition on org.springframework.boot.actuate.autoconfigure.health.HealthEndpointWebExtensionConfiguration$MvcAdditionalHealthEndpointPathsConfiguration matched due to @ConditionalOnAvailableEndpoint marked as exposed by a 'management.endpoints.web.exposure' property
2024-12-04T11:45:12.218+01:00 TRACE 72666 --- [intelligent_pv] [           main] .a.a.i.OnEnabledInfoContributorCondition : Condition OnEnabledInfoContributorCondition on org.springframework.boot.actuate.autoconfigure.info.InfoContributorAutoConfiguration#envInfoContributor did not match due to @ConditionalOnEnabledInfoContributor management.info.env.enabled is not true
2024-12-04T11:45:12.218+01:00 TRACE 72666 --- [intelligent_pv] [           main] .a.a.i.OnEnabledInfoContributorCondition : Condition OnEnabledInfoContributorCondition on org.springframework.boot.actuate.autoconfigure.info.InfoContributorAutoConfiguration#gitInfoContributor matched due to @ConditionalOnEnabledInfoContributor management.info.defaults.enabled is considered true
2024-12-04T11:45:12.219+01:00 TRACE 72666 --- [intelligent_pv] [           main] .a.a.i.OnEnabledInfoContributorCondition : Condition OnEnabledInfoContributorCondition on org.springframework.boot.actuate.autoconfigure.info.InfoContributorAutoConfiguration#buildInfoContributor matched due to @ConditionalOnEnabledInfoContributor management.info.defaults.enabled is considered true
2024-12-04T11:45:12.220+01:00 TRACE 72666 --- [intelligent_pv] [           main] .a.a.i.OnEnabledInfoContributorCondition : Condition OnEnabledInfoContributorCondition on org.springframework.boot.actuate.autoconfigure.info.InfoContributorAutoConfiguration#javaInfoContributor did not match due to @ConditionalOnEnabledInfoContributor management.info.java.enabled is not true
2024-12-04T11:45:12.220+01:00 TRACE 72666 --- [intelligent_pv] [           main] .a.a.i.OnEnabledInfoContributorCondition : Condition OnEnabledInfoContributorCondition on org.springframework.boot.actuate.autoconfigure.info.InfoContributorAutoConfiguration#osInfoContributor did not match due to @ConditionalOnEnabledInfoContributor management.info.os.enabled is not true
2024-12-04T11:45:12.220+01:00 TRACE 72666 --- [intelligent_pv] [           main] .a.a.i.OnEnabledInfoContributorCondition : Condition OnEnabledInfoContributorCondition on org.springframework.boot.actuate.autoconfigure.info.InfoContributorAutoConfiguration#processInfoContributor did not match due to @ConditionalOnEnabledInfoContributor management.info.process.enabled is not true
2024-12-04T11:45:12.233+01:00 TRACE 72666 --- [intelligent_pv] [           main] .a.a.h.OnEnabledHealthIndicatorCondition : Condition OnEnabledHealthIndicatorCondition on org.springframework.boot.actuate.autoconfigure.system.DiskSpaceHealthContributorAutoConfiguration matched due to @ConditionalOnEnabledHealthIndicator management.health.defaults.enabled is considered true
2024-12-04T11:45:12.233+01:00 TRACE 72666 --- [intelligent_pv] [           main] .a.a.h.OnEnabledHealthIndicatorCondition : Condition OnEnabledHealthIndicatorCondition on org.springframework.boot.actuate.autoconfigure.health.HealthContributorAutoConfiguration#pingHealthContributor matched due to @ConditionalOnEnabledHealthIndicator management.health.defaults.enabled is considered true
2024-12-04T11:45:12.238+01:00 TRACE 72666 --- [intelligent_pv] [           main] .a.a.m.e.OnMetricsExportEnabledCondition : Condition OnMetricsExportEnabledCondition on org.springframework.boot.actuate.autoconfigure.metrics.export.simple.SimpleMetricsExportAutoConfiguration matched due to @ConditionalOnEnabledMetricsExport management.simple.metrics.export.enabled is true
2024-12-04T11:45:12.242+01:00 TRACE 72666 --- [intelligent_pv] [           main] ltipleNonPrimaryMeterRegistriesCondition : Condition CompositeMeterRegistryConfiguration.MultipleNonPrimaryMeterRegistriesCondition on org.springframework.boot.actuate.autoconfigure.metrics.CompositeMeterRegistryConfiguration did not match due to NoneNestedConditions 1 matched 1 did not; NestedCondition on CompositeMeterRegistryConfiguration.MultipleNonPrimaryMeterRegistriesCondition.SingleInjectableMeterRegistry @ConditionalOnSingleCandidate (types: io.micrometer.core.instrument.MeterRegistry; SearchStrategy: all) found a single bean 'simpleMeterRegistry'; NestedCondition on CompositeMeterRegistryConfiguration.MultipleNonPrimaryMeterRegistriesCondition.NoMeterRegistryCondition @ConditionalOnMissingBean (types: io.micrometer.core.instrument.MeterRegistry; SearchStrategy: all) found beans of type 'io.micrometer.core.instrument.MeterRegistry' simpleMeterRegistry
2024-12-04T11:45:12.246+01:00 TRACE 72666 --- [intelligent_pv] [           main] utoConfiguration$LogbackLoggingCondition : Condition LogbackMetricsAutoConfiguration.LogbackLoggingCondition on org.springframework.boot.actuate.autoconfigure.metrics.LogbackMetricsAutoConfiguration matched due to LogbackLoggingCondition ILoggerFactory is a Logback LoggerContext
2024-12-04T11:45:12.282+01:00  INFO 72666 --- [intelligent_pv] [           main] .s.d.r.c.RepositoryConfigurationDelegate : Bootstrapping Spring Data Reactive Cassandra repositories in DEFAULT mode.
2024-12-04T11:45:12.282+01:00 DEBUG 72666 --- [intelligent_pv] [           main] o.s.b.f.s.DefaultListableBeanFactory     : Creating shared instance of singleton bean 'org.springframework.boot.autoconfigure.AutoConfigurationPackages'
2024-12-04T11:45:12.286+01:00 DEBUG 72666 --- [intelligent_pv] [           main] o.s.b.a.AutoConfigurationPackages        : @EnableAutoConfiguration was declared on a class in the package 'gep.ma.intelligent.pv'. Automatic @Repository and @Entity scanning is enabled.
2024-12-04T11:45:12.288+01:00  INFO 72666 --- [intelligent_pv] [           main] .s.d.r.c.RepositoryConfigurationDelegate : Finished Spring Data repository scanning in 6 ms. Found 0 Reactive Cassandra repository interfaces.
2024-12-04T11:45:12.301+01:00 TRACE 72666 --- [intelligent_pv] [           main] o.s.b.a.a.w.s.OnManagementPortCondition  : Condition OnManagementPortCondition on org.springframework.boot.actuate.autoconfigure.web.server.ManagementContextAutoConfiguration$SameManagementContextConfiguration matched due to Management Port actual port type (SAME) matched required type
2024-12-04T11:45:12.304+01:00 TRACE 72666 --- [intelligent_pv] [           main] o.s.b.a.a.w.s.OnManagementPortCondition  : Condition OnManagementPortCondition on org.springframework.boot.actuate.autoconfigure.endpoint.web.servlet.WebMvcEndpointManagementContextConfiguration#managementHealthEndpointWebMvcHandlerMapping did not match due to Management Port actual port type (SAME) did not match required type (DIFFERENT)
2024-12-04T11:45:12.314+01:00 DEBUG 72666 --- [intelligent_pv] [           main] o.s.b.f.s.DefaultListableBeanFactory     : Creating shared instance of singleton bean 'springSecurityHandlerMappingIntrospectorBeanDefinitionRegistryPostProcessor'
2024-12-04T11:45:12.363+01:00 DEBUG 72666 --- [intelligent_pv] [           main] o.s.b.f.s.DefaultListableBeanFactory     : Creating shared instance of singleton bean 'propertySourcesPlaceholderConfigurer'
2024-12-04T11:45:12.367+01:00 DEBUG 72666 --- [intelligent_pv] [           main] o.s.b.f.s.DefaultListableBeanFactory     : Creating shared instance of singleton bean 'org.springframework.boot.test.mock.mockito.MockitoPostProcessor'
2024-12-04T11:45:12.367+01:00 DEBUG 72666 --- [intelligent_pv] [           main] o.s.b.f.s.DefaultListableBeanFactory     : Creating shared instance of singleton bean 'org.springframework.boot.sql.init.dependency.DatabaseInitializationDependencyConfigurer$DependsOnDatabaseInitializationPostProcessor'
2024-12-04T11:45:12.382+01:00 DEBUG 72666 --- [intelligent_pv] [           main] o.s.b.f.s.DefaultListableBeanFactory     : Creating shared instance of singleton bean 'org.springframework.context.event.internalEventListenerProcessor'
2024-12-04T11:45:12.383+01:00 DEBUG 72666 --- [intelligent_pv] [           main] o.s.b.f.s.DefaultListableBeanFactory     : Creating shared instance of singleton bean 'conversionServicePostProcessor'
2024-12-04T11:45:12.387+01:00 DEBUG 72666 --- [intelligent_pv] [           main] o.s.b.f.s.DefaultListableBeanFactory     : Creating shared instance of singleton bean 'preserveErrorControllerTargetClassPostProcessor'
2024-12-04T11:45:12.387+01:00 DEBUG 72666 --- [intelligent_pv] [           main] o.s.b.f.s.DefaultListableBeanFactory     : Creating shared instance of singleton bean 'forceAutoProxyCreatorToUseClassProxying'
2024-12-04T11:45:12.388+01:00 DEBUG 72666 --- [intelligent_pv] [           main] o.s.b.f.s.DefaultListableBeanFactory     : Creating shared instance of singleton bean 'org.springframework.context.event.internalEventListenerFactory'
2024-12-04T11:45:12.391+01:00 DEBUG 72666 --- [intelligent_pv] [           main] o.s.b.f.s.DefaultListableBeanFactory     : Creating shared instance of singleton bean 'org.springframework.boot.test.mock.mockito.MockitoPostProcessor$SpyPostProcessor'
2024-12-04T11:45:12.391+01:00 DEBUG 72666 --- [intelligent_pv] [           main] o.s.b.f.s.DefaultListableBeanFactory     : Creating shared instance of singleton bean 'org.springframework.context.annotation.internalAutowiredAnnotationProcessor'
2024-12-04T11:45:12.392+01:00 DEBUG 72666 --- [intelligent_pv] [           main] o.s.b.f.s.DefaultListableBeanFactory     : Creating shared instance of singleton bean 'org.springframework.context.annotation.internalCommonAnnotationProcessor'
2024-12-04T11:45:12.393+01:00 DEBUG 72666 --- [intelligent_pv] [           main] o.s.b.f.s.DefaultListableBeanFactory     : Creating shared instance of singleton bean 'org.springframework.boot.context.properties.ConfigurationPropertiesBindingPostProcessor'
2024-12-04T11:45:12.393+01:00 DEBUG 72666 --- [intelligent_pv] [           main] o.s.b.f.s.DefaultListableBeanFactory     : Creating shared instance of singleton bean 'org.springframework.boot.context.internalConfigurationPropertiesBinder'
2024-12-04T11:45:12.394+01:00 DEBUG 72666 --- [intelligent_pv] [           main] o.s.b.f.s.DefaultListableBeanFactory     : Creating shared instance of singleton bean 'org.springframework.context.annotation.internalAsyncAnnotationProcessor'
2024-12-04T11:45:12.395+01:00 DEBUG 72666 --- [intelligent_pv] [           main] o.s.b.f.s.DefaultListableBeanFactory     : Creating shared instance of singleton bean 'org.springframework.scheduling.annotation.ProxyAsyncConfiguration'
2024-12-04T11:45:12.402+01:00 DEBUG 72666 --- [intelligent_pv] [           main] o.s.b.f.s.DefaultListableBeanFactory     : Creating shared instance of singleton bean 'methodValidationPostProcessor'
2024-12-04T11:45:12.408+01:00 DEBUG 72666 --- [intelligent_pv] [           main] o.s.b.f.s.DefaultListableBeanFactory     : Autowiring by type from bean name 'methodValidationPostProcessor' via factory method to bean named 'environment'
2024-12-04T11:45:12.409+01:00 DEBUG 72666 --- [intelligent_pv] [           main] o.s.b.f.s.DefaultListableBeanFactory     : Creating shared instance of singleton bean 'org.springframework.boot.context.properties.EnableConfigurationPropertiesRegistrar.methodValidationExcludeFilter'
2024-12-04T11:45:12.414+01:00 DEBUG 72666 --- [intelligent_pv] [           main] o.s.b.f.s.DefaultListableBeanFactory     : Creating shared instance of singleton bean 'persistenceExceptionTranslationPostProcessor'
2024-12-04T11:45:12.415+01:00 DEBUG 72666 --- [intelligent_pv] [           main] o.s.b.f.s.DefaultListableBeanFactory     : Autowiring by type from bean name 'persistenceExceptionTranslationPostProcessor' via factory method to bean named 'environment'
2024-12-04T11:45:12.415+01:00 DEBUG 72666 --- [intelligent_pv] [           main] o.s.b.f.s.DefaultListableBeanFactory     : Creating shared instance of singleton bean 'org.springframework.aop.config.internalAutoProxyCreator'
2024-12-04T11:45:12.422+01:00 DEBUG 72666 --- [intelligent_pv] [           main] o.s.b.f.s.DefaultListableBeanFactory     : Creating shared instance of singleton bean 'webServerFactoryCustomizerBeanPostProcessor'
2024-12-04T11:45:12.423+01:00 DEBUG 72666 --- [intelligent_pv] [           main] o.s.b.f.s.DefaultListableBeanFactory     : Creating shared instance of singleton bean 'errorPageRegistrarBeanPostProcessor'
2024-12-04T11:45:12.423+01:00 DEBUG 72666 --- [intelligent_pv] [           main] o.s.b.f.s.DefaultListableBeanFactory     : Creating shared instance of singleton bean 'healthEndpointGroupsBeanPostProcessor'
2024-12-04T11:45:12.425+01:00 DEBUG 72666 --- [intelligent_pv] [           main] o.s.b.f.s.DefaultListableBeanFactory     : Creating shared instance of singleton bean 'meterRegistryPostProcessor'
2024-12-04T11:45:12.426+01:00 DEBUG 72666 --- [intelligent_pv] [           main] o.s.b.f.s.DefaultListableBeanFactory     : Autowiring by type from bean name 'meterRegistryPostProcessor' via factory method to bean named 'org.springframework.web.context.support.GenericWebApplicationContext@1cefc4b3'
2024-12-04T11:45:12.427+01:00 DEBUG 72666 --- [intelligent_pv] [           main] o.s.b.f.s.DefaultListableBeanFactory     : Creating shared instance of singleton bean 'metricsRepositoryMethodInvocationListenerBeanPostProcessor'
2024-12-04T11:45:12.428+01:00 DEBUG 72666 --- [intelligent_pv] [           main] o.s.b.f.s.DefaultListableBeanFactory     : Creating shared instance of singleton bean 'observationRegistryPostProcessor'
2024-12-04T11:45:12.429+01:00 DEBUG 72666 --- [intelligent_pv] [           main] o.s.b.f.s.DefaultListableBeanFactory     : Creating shared instance of singleton bean 'projectingArgumentResolverBeanPostProcessor'
2024-12-04T11:45:12.437+01:00 DEBUG 72666 --- [intelligent_pv] [           main] o.s.b.f.s.DefaultListableBeanFactory     : Creating shared instance of singleton bean 'intelligentPvApplication'
2024-12-04T11:45:12.438+01:00 DEBUG 72666 --- [intelligent_pv] [           main] o.s.b.f.s.DefaultListableBeanFactory     : Creating shared instance of singleton bean 'securityConfig'
2024-12-04T11:45:12.439+01:00 DEBUG 72666 --- [intelligent_pv] [           main] o.s.b.f.s.DefaultListableBeanFactory     : Creating shared instance of singleton bean 'jwtAuthenticationFilter'
2024-12-04T11:45:12.441+01:00 DEBUG 72666 --- [intelligent_pv] [           main] o.s.b.f.s.DefaultListableBeanFactory     : Creating shared instance of singleton bean 'jwtUtils'
2024-12-04T11:45:12.441+01:00 DEBUG 72666 --- [intelligent_pv] [           main] o.s.b.f.s.DefaultListableBeanFactory     : Creating shared instance of singleton bean 'userDetailsServiceImpl'
2024-12-04T11:45:12.442+01:00 DEBUG 72666 --- [intelligent_pv] [           main] o.s.b.f.s.DefaultListableBeanFactory     : Creating shared instance of singleton bean 'userRepository'
2024-12-04T11:45:12.444+01:00 DEBUG 72666 --- [intelligent_pv] [           main] o.s.b.f.s.DefaultListableBeanFactory     : Creating shared instance of singleton bean 'cassandra.named-queries#3'
2024-12-04T11:45:12.446+01:00 DEBUG 72666 --- [intelligent_pv] [           main] o.s.b.f.s.DefaultListableBeanFactory     : Creating shared instance of singleton bean 'cassandra.UserRepository.fragments#0'
2024-12-04T11:45:12.449+01:00 DEBUG 72666 --- [intelligent_pv] [           main] o.s.b.f.s.DefaultListableBeanFactory     : Creating shared instance of singleton bean 'cassandraTemplate'
2024-12-04T11:45:12.449+01:00 DEBUG 72666 --- [intelligent_pv] [           main] o.s.b.f.s.DefaultListableBeanFactory     : Creating shared instance of singleton bean 'org.springframework.boot.autoconfigure.data.cassandra.CassandraDataAutoConfiguration'
2024-12-04T11:45:12.457+01:00  INFO 72666 --- [intelligent_pv] [           main] c.d.o.d.i.core.DefaultMavenCoordinates   : Apache Cassandra Java Driver (org.apache.cassandra:java-driver-core) version 4.18.1
2024-12-04T11:45:12.459+01:00 DEBUG 72666 --- [intelligent_pv] [           main] o.s.b.f.s.DefaultListableBeanFactory     : Creating shared instance of singleton bean 'cassandraSessionFactory'
2024-12-04T11:45:12.460+01:00 DEBUG 72666 --- [intelligent_pv] [           main] o.s.b.f.s.DefaultListableBeanFactory     : Creating shared instance of singleton bean 'cassandraConverter'
2024-12-04T11:45:12.460+01:00 DEBUG 72666 --- [intelligent_pv] [           main] o.s.b.f.s.DefaultListableBeanFactory     : Creating shared instance of singleton bean 'cassandraMappingContext'
2024-12-04T11:45:12.460+01:00 DEBUG 72666 --- [intelligent_pv] [           main] o.s.b.f.s.DefaultListableBeanFactory     : Creating shared instance of singleton bean 'cassandraManagedTypes'
2024-12-04T11:45:12.461+01:00 DEBUG 72666 --- [intelligent_pv] [           main] o.s.b.f.s.DefaultListableBeanFactory     : Autowiring by type from bean name 'cassandraManagedTypes' via factory method to bean named 'org.springframework.beans.factory.support.DefaultListableBeanFactory@a8a8b75'
2024-12-04T11:45:12.470+01:00 DEBUG 72666 --- [intelligent_pv] [           main] o.s.b.f.s.DefaultListableBeanFactory     : Creating shared instance of singleton bean 'cassandraCustomConversions'
2024-12-04T11:45:12.522+01:00 TRACE 72666 --- [intelligent_pv] [           main] c.d.o.d.i.c.t.c.r.CachingCodecRegistry   : [default] Looking up codec for CQL type ASCII
2024-12-04T11:45:12.522+01:00 TRACE 72666 --- [intelligent_pv] [           main] c.d.o.d.i.c.t.c.r.CachingCodecRegistry   : [default] Found matching primitive codec com.datastax.oss.driver.internal.core.type.codec.StringCodec@691541bc
2024-12-04T11:45:12.523+01:00 TRACE 72666 --- [intelligent_pv] [           main] c.d.o.d.i.c.t.c.r.CachingCodecRegistry   : [default] Looking up codec for CQL type BIGINT
2024-12-04T11:45:12.523+01:00 TRACE 72666 --- [intelligent_pv] [           main] c.d.o.d.i.c.t.c.r.CachingCodecRegistry   : [default] Found matching primitive codec com.datastax.oss.driver.internal.core.type.codec.BigIntCodec@8840c98
2024-12-04T11:45:12.523+01:00 TRACE 72666 --- [intelligent_pv] [           main] c.d.o.d.i.c.t.c.r.CachingCodecRegistry   : [default] Looking up codec for CQL type BLOB
2024-12-04T11:45:12.523+01:00 TRACE 72666 --- [intelligent_pv] [           main] c.d.o.d.i.c.t.c.r.CachingCodecRegistry   : [default] Found matching primitive codec com.datastax.oss.driver.internal.core.type.codec.BlobCodec@626b639e
2024-12-04T11:45:12.523+01:00 TRACE 72666 --- [intelligent_pv] [           main] c.d.o.d.i.c.t.c.r.CachingCodecRegistry   : [default] Looking up codec for CQL type BOOLEAN
2024-12-04T11:45:12.523+01:00 TRACE 72666 --- [intelligent_pv] [           main] c.d.o.d.i.c.t.c.r.CachingCodecRegistry   : [default] Found matching primitive codec com.datastax.oss.driver.internal.core.type.codec.BooleanCodec@273fa9e
2024-12-04T11:45:12.523+01:00 TRACE 72666 --- [intelligent_pv] [           main] c.d.o.d.i.c.t.c.r.CachingCodecRegistry   : [default] Looking up codec for CQL type COUNTER
2024-12-04T11:45:12.523+01:00 TRACE 72666 --- [intelligent_pv] [           main] c.d.o.d.i.c.t.c.r.CachingCodecRegistry   : [default] Found matching primitive codec com.datastax.oss.driver.internal.core.type.codec.CounterCodec@527a8665
2024-12-04T11:45:12.523+01:00 TRACE 72666 --- [intelligent_pv] [           main] c.d.o.d.i.c.t.c.r.CachingCodecRegistry   : [default] Looking up codec for CQL type DECIMAL
2024-12-04T11:45:12.523+01:00 TRACE 72666 --- [intelligent_pv] [           main] c.d.o.d.i.c.t.c.r.CachingCodecRegistry   : [default] Found matching primitive codec com.datastax.oss.driver.internal.core.type.codec.DecimalCodec@7ab2a07e
2024-12-04T11:45:12.523+01:00 TRACE 72666 --- [intelligent_pv] [           main] c.d.o.d.i.c.t.c.r.CachingCodecRegistry   : [default] Looking up codec for CQL type DOUBLE
2024-12-04T11:45:12.523+01:00 TRACE 72666 --- [intelligent_pv] [           main] c.d.o.d.i.c.t.c.r.CachingCodecRegistry   : [default] Found matching primitive codec com.datastax.oss.driver.internal.core.type.codec.DoubleCodec@437c4b25
2024-12-04T11:45:12.523+01:00 TRACE 72666 --- [intelligent_pv] [           main] c.d.o.d.i.c.t.c.r.CachingCodecRegistry   : [default] Looking up codec for CQL type FLOAT
2024-12-04T11:45:12.523+01:00 TRACE 72666 --- [intelligent_pv] [           main] c.d.o.d.i.c.t.c.r.CachingCodecRegistry   : [default] Found matching primitive codec com.datastax.oss.driver.internal.core.type.codec.FloatCodec@5ec6fede
2024-12-04T11:45:12.523+01:00 TRACE 72666 --- [intelligent_pv] [           main] c.d.o.d.i.c.t.c.r.CachingCodecRegistry   : [default] Looking up codec for CQL type INT
2024-12-04T11:45:12.523+01:00 TRACE 72666 --- [intelligent_pv] [           main] c.d.o.d.i.c.t.c.r.CachingCodecRegistry   : [default] Found matching primitive codec com.datastax.oss.driver.internal.core.type.codec.IntCodec@580902cd
2024-12-04T11:45:12.523+01:00 TRACE 72666 --- [intelligent_pv] [           main] c.d.o.d.i.c.t.c.r.CachingCodecRegistry   : [default] Looking up codec for CQL type TIMESTAMP
2024-12-04T11:45:12.523+01:00 TRACE 72666 --- [intelligent_pv] [           main] c.d.o.d.i.c.t.c.r.CachingCodecRegistry   : [default] Found matching primitive codec com.datastax.oss.driver.internal.core.type.codec.TimestampCodec@3757e8e2
2024-12-04T11:45:12.523+01:00 TRACE 72666 --- [intelligent_pv] [           main] c.d.o.d.i.c.t.c.r.CachingCodecRegistry   : [default] Looking up codec for CQL type UUID
2024-12-04T11:45:12.523+01:00 TRACE 72666 --- [intelligent_pv] [           main] c.d.o.d.i.c.t.c.r.CachingCodecRegistry   : [default] Found matching primitive codec com.datastax.oss.driver.internal.core.type.codec.UuidCodec@1653b84e
2024-12-04T11:45:12.523+01:00 TRACE 72666 --- [intelligent_pv] [           main] c.d.o.d.i.c.t.c.r.CachingCodecRegistry   : [default] Looking up codec for CQL type VARINT
2024-12-04T11:45:12.524+01:00 TRACE 72666 --- [intelligent_pv] [           main] c.d.o.d.i.c.t.c.r.CachingCodecRegistry   : [default] Found matching primitive codec com.datastax.oss.driver.internal.core.type.codec.VarIntCodec@7f8a9454
2024-12-04T11:45:12.524+01:00 TRACE 72666 --- [intelligent_pv] [           main] c.d.o.d.i.c.t.c.r.CachingCodecRegistry   : [default] Looking up codec for CQL type TIMEUUID
2024-12-04T11:45:12.524+01:00 TRACE 72666 --- [intelligent_pv] [           main] c.d.o.d.i.c.t.c.r.CachingCodecRegistry   : [default] Found matching primitive codec com.datastax.oss.driver.internal.core.type.codec.TimeUuidCodec@6f85ee02
2024-12-04T11:45:12.524+01:00 TRACE 72666 --- [intelligent_pv] [           main] c.d.o.d.i.c.t.c.r.CachingCodecRegistry   : [default] Looking up codec for CQL type INET
2024-12-04T11:45:12.524+01:00 TRACE 72666 --- [intelligent_pv] [           main] c.d.o.d.i.c.t.c.r.CachingCodecRegistry   : [default] Found matching primitive codec com.datastax.oss.driver.internal.core.type.codec.InetCodec@679d0be8
2024-12-04T11:45:12.524+01:00 TRACE 72666 --- [intelligent_pv] [           main] c.d.o.d.i.c.t.c.r.CachingCodecRegistry   : [default] Looking up codec for CQL type DATE
2024-12-04T11:45:12.524+01:00 TRACE 72666 --- [intelligent_pv] [           main] c.d.o.d.i.c.t.c.r.CachingCodecRegistry   : [default] Found matching primitive codec com.datastax.oss.driver.internal.core.type.codec.DateCodec@6c075e9d
2024-12-04T11:45:12.524+01:00 TRACE 72666 --- [intelligent_pv] [           main] c.d.o.d.i.c.t.c.r.CachingCodecRegistry   : [default] Looking up codec for CQL type TEXT
2024-12-04T11:45:12.524+01:00 TRACE 72666 --- [intelligent_pv] [           main] c.d.o.d.i.c.t.c.r.CachingCodecRegistry   : [default] Found matching primitive codec com.datastax.oss.driver.internal.core.type.codec.StringCodec@47044f7d
2024-12-04T11:45:12.524+01:00 TRACE 72666 --- [intelligent_pv] [           main] c.d.o.d.i.c.t.c.r.CachingCodecRegistry   : [default] Looking up codec for CQL type TIME
2024-12-04T11:45:12.524+01:00 TRACE 72666 --- [intelligent_pv] [           main] c.d.o.d.i.c.t.c.r.CachingCodecRegistry   : [default] Found matching primitive codec com.datastax.oss.driver.internal.core.type.codec.TimeCodec@7b14c61
2024-12-04T11:45:12.524+01:00 TRACE 72666 --- [intelligent_pv] [           main] c.d.o.d.i.c.t.c.r.CachingCodecRegistry   : [default] Looking up codec for CQL type SMALLINT
2024-12-04T11:45:12.524+01:00 TRACE 72666 --- [intelligent_pv] [           main] c.d.o.d.i.c.t.c.r.CachingCodecRegistry   : [default] Found matching primitive codec com.datastax.oss.driver.internal.core.type.codec.SmallIntCodec@8fcc534
2024-12-04T11:45:12.524+01:00 TRACE 72666 --- [intelligent_pv] [           main] c.d.o.d.i.c.t.c.r.CachingCodecRegistry   : [default] Looking up codec for CQL type TINYINT
2024-12-04T11:45:12.524+01:00 TRACE 72666 --- [intelligent_pv] [           main] c.d.o.d.i.c.t.c.r.CachingCodecRegistry   : [default] Found matching primitive codec com.datastax.oss.driver.internal.core.type.codec.TinyIntCodec@5e599100
2024-12-04T11:45:12.524+01:00 TRACE 72666 --- [intelligent_pv] [           main] c.d.o.d.i.c.t.c.r.CachingCodecRegistry   : [default] Looking up codec for CQL type DURATION
2024-12-04T11:45:12.524+01:00 TRACE 72666 --- [intelligent_pv] [           main] c.d.o.d.i.c.t.c.r.CachingCodecRegistry   : [default] Found matching primitive codec com.datastax.oss.driver.internal.core.type.codec.CqlDurationCodec@3b435211
2024-12-04T11:45:12.525+01:00 TRACE 72666 --- [intelligent_pv] [           main] c.d.o.d.i.c.t.c.r.CachingCodecRegistry   : [default] Looking up codec for CQL type ASCII
2024-12-04T11:45:12.525+01:00 TRACE 72666 --- [intelligent_pv] [           main] c.d.o.d.i.c.t.c.r.CachingCodecRegistry   : [default] Found matching primitive codec com.datastax.oss.driver.internal.core.type.codec.StringCodec@691541bc
2024-12-04T11:45:12.525+01:00 TRACE 72666 --- [intelligent_pv] [           main] c.d.o.d.i.c.t.c.r.CachingCodecRegistry   : [default] Looking up codec for CQL type BIGINT
2024-12-04T11:45:12.525+01:00 TRACE 72666 --- [intelligent_pv] [           main] c.d.o.d.i.c.t.c.r.CachingCodecRegistry   : [default] Found matching primitive codec com.datastax.oss.driver.internal.core.type.codec.BigIntCodec@8840c98
2024-12-04T11:45:12.525+01:00 TRACE 72666 --- [intelligent_pv] [           main] c.d.o.d.i.c.t.c.r.CachingCodecRegistry   : [default] Looking up codec for CQL type BLOB
2024-12-04T11:45:12.525+01:00 TRACE 72666 --- [intelligent_pv] [           main] c.d.o.d.i.c.t.c.r.CachingCodecRegistry   : [default] Found matching primitive codec com.datastax.oss.driver.internal.core.type.codec.BlobCodec@626b639e
2024-12-04T11:45:12.525+01:00 TRACE 72666 --- [intelligent_pv] [           main] c.d.o.d.i.c.t.c.r.CachingCodecRegistry   : [default] Looking up codec for CQL type BOOLEAN
2024-12-04T11:45:12.525+01:00 TRACE 72666 --- [intelligent_pv] [           main] c.d.o.d.i.c.t.c.r.CachingCodecRegistry   : [default] Found matching primitive codec com.datastax.oss.driver.internal.core.type.codec.BooleanCodec@273fa9e
2024-12-04T11:45:12.525+01:00 TRACE 72666 --- [intelligent_pv] [           main] c.d.o.d.i.c.t.c.r.CachingCodecRegistry   : [default] Looking up codec for CQL type COUNTER
2024-12-04T11:45:12.525+01:00 TRACE 72666 --- [intelligent_pv] [           main] c.d.o.d.i.c.t.c.r.CachingCodecRegistry   : [default] Found matching primitive codec com.datastax.oss.driver.internal.core.type.codec.CounterCodec@527a8665
2024-12-04T11:45:12.525+01:00 TRACE 72666 --- [intelligent_pv] [           main] c.d.o.d.i.c.t.c.r.CachingCodecRegistry   : [default] Looking up codec for CQL type DECIMAL
2024-12-04T11:45:12.525+01:00 TRACE 72666 --- [intelligent_pv] [           main] c.d.o.d.i.c.t.c.r.CachingCodecRegistry   : [default] Found matching primitive codec com.datastax.oss.driver.internal.core.type.codec.DecimalCodec@7ab2a07e
2024-12-04T11:45:12.525+01:00 TRACE 72666 --- [intelligent_pv] [           main] c.d.o.d.i.c.t.c.r.CachingCodecRegistry   : [default] Looking up codec for CQL type DOUBLE
2024-12-04T11:45:12.525+01:00 TRACE 72666 --- [intelligent_pv] [           main] c.d.o.d.i.c.t.c.r.CachingCodecRegistry   : [default] Found matching primitive codec com.datastax.oss.driver.internal.core.type.codec.DoubleCodec@437c4b25
2024-12-04T11:45:12.525+01:00 TRACE 72666 --- [intelligent_pv] [           main] c.d.o.d.i.c.t.c.r.CachingCodecRegistry   : [default] Looking up codec for CQL type FLOAT
2024-12-04T11:45:12.525+01:00 TRACE 72666 --- [intelligent_pv] [           main] c.d.o.d.i.c.t.c.r.CachingCodecRegistry   : [default] Found matching primitive codec com.datastax.oss.driver.internal.core.type.codec.FloatCodec@5ec6fede
2024-12-04T11:45:12.525+01:00 TRACE 72666 --- [intelligent_pv] [           main] c.d.o.d.i.c.t.c.r.CachingCodecRegistry   : [default] Looking up codec for CQL type INT
2024-12-04T11:45:12.525+01:00 TRACE 72666 --- [intelligent_pv] [           main] c.d.o.d.i.c.t.c.r.CachingCodecRegistry   : [default] Found matching primitive codec com.datastax.oss.driver.internal.core.type.codec.IntCodec@580902cd
2024-12-04T11:45:12.525+01:00 TRACE 72666 --- [intelligent_pv] [           main] c.d.o.d.i.c.t.c.r.CachingCodecRegistry   : [default] Looking up codec for CQL type TIMESTAMP
2024-12-04T11:45:12.525+01:00 TRACE 72666 --- [intelligent_pv] [           main] c.d.o.d.i.c.t.c.r.CachingCodecRegistry   : [default] Found matching primitive codec com.datastax.oss.driver.internal.core.type.codec.TimestampCodec@3757e8e2
2024-12-04T11:45:12.525+01:00 TRACE 72666 --- [intelligent_pv] [           main] c.d.o.d.i.c.t.c.r.CachingCodecRegistry   : [default] Looking up codec for CQL type UUID
2024-12-04T11:45:12.525+01:00 TRACE 72666 --- [intelligent_pv] [           main] c.d.o.d.i.c.t.c.r.CachingCodecRegistry   : [default] Found matching primitive codec com.datastax.oss.driver.internal.core.type.codec.UuidCodec@1653b84e
2024-12-04T11:45:12.525+01:00 TRACE 72666 --- [intelligent_pv] [           main] c.d.o.d.i.c.t.c.r.CachingCodecRegistry   : [default] Looking up codec for CQL type VARINT
2024-12-04T11:45:12.525+01:00 TRACE 72666 --- [intelligent_pv] [           main] c.d.o.d.i.c.t.c.r.CachingCodecRegistry   : [default] Found matching primitive codec com.datastax.oss.driver.internal.core.type.codec.VarIntCodec@7f8a9454
2024-12-04T11:45:12.525+01:00 TRACE 72666 --- [intelligent_pv] [           main] c.d.o.d.i.c.t.c.r.CachingCodecRegistry   : [default] Looking up codec for CQL type TIMEUUID
2024-12-04T11:45:12.525+01:00 TRACE 72666 --- [intelligent_pv] [           main] c.d.o.d.i.c.t.c.r.CachingCodecRegistry   : [default] Found matching primitive codec com.datastax.oss.driver.internal.core.type.codec.TimeUuidCodec@6f85ee02
2024-12-04T11:45:12.525+01:00 TRACE 72666 --- [intelligent_pv] [           main] c.d.o.d.i.c.t.c.r.CachingCodecRegistry   : [default] Looking up codec for CQL type INET
2024-12-04T11:45:12.525+01:00 TRACE 72666 --- [intelligent_pv] [           main] c.d.o.d.i.c.t.c.r.CachingCodecRegistry   : [default] Found matching primitive codec com.datastax.oss.driver.internal.core.type.codec.InetCodec@679d0be8
2024-12-04T11:45:12.525+01:00 TRACE 72666 --- [intelligent_pv] [           main] c.d.o.d.i.c.t.c.r.CachingCodecRegistry   : [default] Looking up codec for CQL type DATE
2024-12-04T11:45:12.525+01:00 TRACE 72666 --- [intelligent_pv] [           main] c.d.o.d.i.c.t.c.r.CachingCodecRegistry   : [default] Found matching primitive codec com.datastax.oss.driver.internal.core.type.codec.DateCodec@6c075e9d
2024-12-04T11:45:12.525+01:00 TRACE 72666 --- [intelligent_pv] [           main] c.d.o.d.i.c.t.c.r.CachingCodecRegistry   : [default] Looking up codec for CQL type TEXT
2024-12-04T11:45:12.525+01:00 TRACE 72666 --- [intelligent_pv] [           main] c.d.o.d.i.c.t.c.r.CachingCodecRegistry   : [default] Found matching primitive codec com.datastax.oss.driver.internal.core.type.codec.StringCodec@47044f7d
2024-12-04T11:45:12.525+01:00 TRACE 72666 --- [intelligent_pv] [           main] c.d.o.d.i.c.t.c.r.CachingCodecRegistry   : [default] Looking up codec for CQL type TIME
2024-12-04T11:45:12.526+01:00 TRACE 72666 --- [intelligent_pv] [           main] c.d.o.d.i.c.t.c.r.CachingCodecRegistry   : [default] Found matching primitive codec com.datastax.oss.driver.internal.core.type.codec.TimeCodec@7b14c61
2024-12-04T11:45:12.526+01:00 TRACE 72666 --- [intelligent_pv] [           main] c.d.o.d.i.c.t.c.r.CachingCodecRegistry   : [default] Looking up codec for CQL type SMALLINT
2024-12-04T11:45:12.526+01:00 TRACE 72666 --- [intelligent_pv] [           main] c.d.o.d.i.c.t.c.r.CachingCodecRegistry   : [default] Found matching primitive codec com.datastax.oss.driver.internal.core.type.codec.SmallIntCodec@8fcc534
2024-12-04T11:45:12.526+01:00 TRACE 72666 --- [intelligent_pv] [           main] c.d.o.d.i.c.t.c.r.CachingCodecRegistry   : [default] Looking up codec for CQL type TINYINT
2024-12-04T11:45:12.526+01:00 TRACE 72666 --- [intelligent_pv] [           main] c.d.o.d.i.c.t.c.r.CachingCodecRegistry   : [default] Found matching primitive codec com.datastax.oss.driver.internal.core.type.codec.TinyIntCodec@5e599100
2024-12-04T11:45:12.526+01:00 TRACE 72666 --- [intelligent_pv] [           main] c.d.o.d.i.c.t.c.r.CachingCodecRegistry   : [default] Looking up codec for CQL type DURATION
2024-12-04T11:45:12.526+01:00 TRACE 72666 --- [intelligent_pv] [           main] c.d.o.d.i.c.t.c.r.CachingCodecRegistry   : [default] Found matching primitive codec com.datastax.oss.driver.internal.core.type.codec.CqlDurationCodec@3b435211
2024-12-04T11:45:12.532+01:00 DEBUG 72666 --- [intelligent_pv] [           main] o.s.b.f.s.DefaultListableBeanFactory     : Autowiring by type from bean name 'cassandraMappingContext' via factory method to bean named 'cassandraManagedTypes'
2024-12-04T11:45:12.532+01:00 DEBUG 72666 --- [intelligent_pv] [           main] o.s.b.f.s.DefaultListableBeanFactory     : Autowiring by type from bean name 'cassandraMappingContext' via factory method to bean named 'cassandraCustomConversions'
2024-12-04T11:45:12.569+01:00 DEBUG 72666 --- [intelligent_pv] [           main] o.s.b.f.s.DefaultListableBeanFactory     : Creating shared instance of singleton bean 'delegatingApplicationListener'
2024-12-04T11:45:12.570+01:00 DEBUG 72666 --- [intelligent_pv] [           main] o.s.b.f.s.DefaultListableBeanFactory     : Creating shared instance of singleton bean 'startupTimeMetrics'
2024-12-04T11:45:12.570+01:00 DEBUG 72666 --- [intelligent_pv] [           main] o.s.b.f.s.DefaultListableBeanFactory     : Creating shared instance of singleton bean 'org.springframework.boot.actuate.autoconfigure.metrics.startup.StartupTimeMetricsListenerAutoConfiguration'
2024-12-04T11:45:12.571+01:00 DEBUG 72666 --- [intelligent_pv] [           main] o.s.b.f.s.DefaultListableBeanFactory     : Creating shared instance of singleton bean 'simpleMeterRegistry'
2024-12-04T11:45:12.571+01:00 DEBUG 72666 --- [intelligent_pv] [           main] o.s.b.f.s.DefaultListableBeanFactory     : Creating shared instance of singleton bean 'org.springframework.boot.actuate.autoconfigure.metrics.export.simple.SimpleMetricsExportAutoConfiguration'
2024-12-04T11:45:12.571+01:00 DEBUG 72666 --- [intelligent_pv] [           main] o.s.b.f.s.DefaultListableBeanFactory     : Creating shared instance of singleton bean 'simpleConfig'
2024-12-04T11:45:12.572+01:00 DEBUG 72666 --- [intelligent_pv] [           main] o.s.b.f.s.DefaultListableBeanFactory     : Creating shared instance of singleton bean 'management.simple.metrics.export-org.springframework.boot.actuate.autoconfigure.metrics.export.simple.SimpleProperties'
2024-12-04T11:45:12.572+01:00 DEBUG 72666 --- [intelligent_pv] [           main] o.s.b.f.s.DefaultListableBeanFactory     : Creating shared instance of singleton bean 'org.springframework.boot.context.properties.BoundConfigurationProperties'
2024-12-04T11:45:12.581+01:00 DEBUG 72666 --- [intelligent_pv] [           main] o.s.b.f.s.DefaultListableBeanFactory     : Autowiring by type from bean name 'simpleConfig' via factory method to bean named 'management.simple.metrics.export-org.springframework.boot.actuate.autoconfigure.metrics.export.simple.SimpleProperties'
2024-12-04T11:45:12.584+01:00 DEBUG 72666 --- [intelligent_pv] [           main] o.s.b.f.s.DefaultListableBeanFactory     : Creating shared instance of singleton bean 'micrometerClock'
2024-12-04T11:45:12.584+01:00 DEBUG 72666 --- [intelligent_pv] [           main] o.s.b.f.s.DefaultListableBeanFactory     : Creating shared instance of singleton bean 'org.springframework.boot.actuate.autoconfigure.metrics.MetricsAutoConfiguration'
2024-12-04T11:45:12.584+01:00 DEBUG 72666 --- [intelligent_pv] [           main] o.s.b.f.s.DefaultListableBeanFactory     : Autowiring by type from bean name 'simpleMeterRegistry' via factory method to bean named 'simpleConfig'
2024-12-04T11:45:12.584+01:00 DEBUG 72666 --- [intelligent_pv] [           main] o.s.b.f.s.DefaultListableBeanFactory     : Autowiring by type from bean name 'simpleMeterRegistry' via factory method to bean named 'micrometerClock'
2024-12-04T11:45:12.594+01:00 DEBUG 72666 --- [intelligent_pv] [           main] o.s.b.f.s.DefaultListableBeanFactory     : Creating shared instance of singleton bean 'propertiesMeterFilter'
2024-12-04T11:45:12.594+01:00 DEBUG 72666 --- [intelligent_pv] [           main] o.s.b.f.s.DefaultListableBeanFactory     : Creating shared instance of singleton bean 'management.metrics-org.springframework.boot.actuate.autoconfigure.metrics.MetricsProperties'
2024-12-04T11:45:12.596+01:00 DEBUG 72666 --- [intelligent_pv] [           main] o.s.b.f.s.DefaultListableBeanFactory     : Autowiring by type from bean name 'propertiesMeterFilter' via factory method to bean named 'management.metrics-org.springframework.boot.actuate.autoconfigure.metrics.MetricsProperties'
2024-12-04T11:45:12.597+01:00 DEBUG 72666 --- [intelligent_pv] [           main] o.s.b.f.s.DefaultListableBeanFactory     : Creating shared instance of singleton bean 'metricsHttpClientUriTagFilter'
2024-12-04T11:45:12.597+01:00 DEBUG 72666 --- [intelligent_pv] [           main] o.s.b.f.s.DefaultListableBeanFactory     : Creating shared instance of singleton bean 'org.springframework.boot.actuate.autoconfigure.observation.web.client.HttpClientObservationsAutoConfiguration$MeterFilterConfiguration'
2024-12-04T11:45:12.598+01:00 DEBUG 72666 --- [intelligent_pv] [           main] o.s.b.f.s.DefaultListableBeanFactory     : Creating shared instance of singleton bean 'management.observations-org.springframework.boot.actuate.autoconfigure.observation.ObservationProperties'
2024-12-04T11:45:12.598+01:00 DEBUG 72666 --- [intelligent_pv] [           main] o.s.b.f.s.DefaultListableBeanFactory     : Autowiring by type from bean name 'metricsHttpClientUriTagFilter' via factory method to bean named 'management.observations-org.springframework.boot.actuate.autoconfigure.observation.ObservationProperties'
2024-12-04T11:45:12.599+01:00 DEBUG 72666 --- [intelligent_pv] [           main] o.s.b.f.s.DefaultListableBeanFactory     : Autowiring by type from bean name 'metricsHttpClientUriTagFilter' via factory method to bean named 'management.metrics-org.springframework.boot.actuate.autoconfigure.metrics.MetricsProperties'
2024-12-04T11:45:12.599+01:00 DEBUG 72666 --- [intelligent_pv] [           main] o.s.b.f.s.DefaultListableBeanFactory     : Creating shared instance of singleton bean 'metricsHttpServerUriTagFilter'
2024-12-04T11:45:12.600+01:00 DEBUG 72666 --- [intelligent_pv] [           main] o.s.b.f.s.DefaultListableBeanFactory     : Creating shared instance of singleton bean 'org.springframework.boot.actuate.autoconfigure.observation.web.servlet.WebMvcObservationAutoConfiguration$MeterFilterConfiguration'
2024-12-04T11:45:12.600+01:00 DEBUG 72666 --- [intelligent_pv] [           main] o.s.b.f.s.DefaultListableBeanFactory     : Autowiring by type from bean name 'metricsHttpServerUriTagFilter' via factory method to bean named 'management.observations-org.springframework.boot.actuate.autoconfigure.observation.ObservationProperties'
2024-12-04T11:45:12.600+01:00 DEBUG 72666 --- [intelligent_pv] [           main] o.s.b.f.s.DefaultListableBeanFactory     : Autowiring by type from bean name 'metricsHttpServerUriTagFilter' via factory method to bean named 'management.metrics-org.springframework.boot.actuate.autoconfigure.metrics.MetricsProperties'
2024-12-04T11:45:12.602+01:00 DEBUG 72666 --- [intelligent_pv] [           main] o.s.b.f.s.DefaultListableBeanFactory     : Autowiring by type from bean name 'startupTimeMetrics' via factory method to bean named 'simpleMeterRegistry'
2024-12-04T11:45:12.624+01:00 DEBUG 72666 --- [intelligent_pv] [           main] o.s.b.f.s.DefaultListableBeanFactory     : Autowiring by type from bean name 'cassandraConverter' via factory method to bean named 'cassandraMappingContext'
2024-12-04T11:45:12.624+01:00 DEBUG 72666 --- [intelligent_pv] [           main] o.s.b.f.s.DefaultListableBeanFactory     : Autowiring by type from bean name 'cassandraConverter' via factory method to bean named 'cassandraCustomConversions'
2024-12-04T11:45:12.635+01:00 DEBUG 72666 --- [intelligent_pv] [           main] o.s.b.f.s.DefaultListableBeanFactory     : Autowiring by type from bean name 'cassandraSessionFactory' via factory method to bean named 'environment'
2024-12-04T11:45:12.635+01:00 DEBUG 72666 --- [intelligent_pv] [           main] o.s.b.f.s.DefaultListableBeanFactory     : Autowiring by type from bean name 'cassandraSessionFactory' via factory method to bean named 'cassandraConverter'
2024-12-04T11:45:12.657+01:00 DEBUG 72666 --- [intelligent_pv] [           main] o.s.b.f.s.DefaultListableBeanFactory     : Creating shared instance of singleton bean 'cassandraSession'
2024-12-04T11:45:12.657+01:00 DEBUG 72666 --- [intelligent_pv] [           main] o.s.b.f.s.DefaultListableBeanFactory     : Creating shared instance of singleton bean 'org.springframework.boot.autoconfigure.cassandra.CassandraAutoConfiguration'
2024-12-04T11:45:12.657+01:00 DEBUG 72666 --- [intelligent_pv] [           main] o.s.b.f.s.DefaultListableBeanFactory     : Creating shared instance of singleton bean 'spring.cassandra-org.springframework.boot.autoconfigure.cassandra.CassandraProperties'
2024-12-04T11:45:12.663+01:00 DEBUG 72666 --- [intelligent_pv] [           main] o.s.b.f.s.DefaultListableBeanFactory     : Autowiring by type from bean name 'org.springframework.boot.autoconfigure.cassandra.CassandraAutoConfiguration' via constructor to bean named 'spring.cassandra-org.springframework.boot.autoconfigure.cassandra.CassandraProperties'
2024-12-04T11:45:12.678+01:00 DEBUG 72666 --- [intelligent_pv] [           main] o.s.b.f.s.DefaultListableBeanFactory     : Creating shared instance of singleton bean 'cassandraDriverConfigLoader'
2024-12-04T11:45:12.679+01:00 DEBUG 72666 --- [intelligent_pv] [           main] o.s.b.f.s.DefaultListableBeanFactory     : Creating shared instance of singleton bean 'cassandraConnectionDetails'
2024-12-04T11:45:12.679+01:00 DEBUG 72666 --- [intelligent_pv] [           main] o.s.b.f.s.DefaultListableBeanFactory     : Autowiring by type from bean name 'cassandraDriverConfigLoader' via factory method to bean named 'cassandraConnectionDetails'
2024-12-04T11:45:12.713+01:00 DEBUG 72666 --- [intelligent_pv] [           main] o.s.b.f.s.DefaultListableBeanFactory     : Autowiring by type from bean name 'cassandraSessionBuilder' via factory method to bean named 'cassandraDriverConfigLoader'
2024-12-04T11:45:12.713+01:00 DEBUG 72666 --- [intelligent_pv] [           main] o.s.b.f.s.DefaultListableBeanFactory     : Autowiring by type from bean name 'cassandraSessionBuilder' via factory method to bean named 'cassandraConnectionDetails'
2024-12-04T11:45:12.716+01:00 DEBUG 72666 --- [intelligent_pv] [           main] o.s.b.f.s.DefaultListableBeanFactory     : Creating shared instance of singleton bean 'sslBundleRegistry'
2024-12-04T11:45:12.716+01:00 DEBUG 72666 --- [intelligent_pv] [           main] o.s.b.f.s.DefaultListableBeanFactory     : Creating shared instance of singleton bean 'org.springframework.boot.autoconfigure.ssl.SslAutoConfiguration'
2024-12-04T11:45:12.716+01:00 DEBUG 72666 --- [intelligent_pv] [           main] o.s.b.f.s.DefaultListableBeanFactory     : Creating shared instance of singleton bean 'spring.ssl-org.springframework.boot.autoconfigure.ssl.SslProperties'
2024-12-04T11:45:12.717+01:00 DEBUG 72666 --- [intelligent_pv] [           main] o.s.b.f.s.DefaultListableBeanFactory     : Autowiring by type from bean name 'org.springframework.boot.autoconfigure.ssl.SslAutoConfiguration' via constructor to bean named 'spring.ssl-org.springframework.boot.autoconfigure.ssl.SslProperties'
2024-12-04T11:45:12.718+01:00 DEBUG 72666 --- [intelligent_pv] [           main] o.s.b.f.s.DefaultListableBeanFactory     : Creating shared instance of singleton bean 'sslPropertiesSslBundleRegistrar'
2024-12-04T11:45:12.718+01:00 DEBUG 72666 --- [intelligent_pv] [           main] o.s.b.f.s.DefaultListableBeanFactory     : Creating shared instance of singleton bean 'fileWatcher'
2024-12-04T11:45:12.718+01:00 DEBUG 72666 --- [intelligent_pv] [           main] o.s.b.f.s.DefaultListableBeanFactory     : Autowiring by type from bean name 'sslPropertiesSslBundleRegistrar' via factory method to bean named 'fileWatcher'
2024-12-04T11:45:12.722+01:00 DEBUG 72666 --- [intelligent_pv] [           main] o.s.b.f.s.DefaultListableBeanFactory     : Autowiring by type from bean name 'cassandraSession' via factory method to bean named 'cassandraSessionBuilder'
2024-12-04T11:45:12.735+01:00 TRACE 72666 --- [intelligent_pv] [           main] c.d.o.d.i.c.t.c.r.DefaultCodecRegistry   : [s0] Checking cache
2024-12-04T11:45:12.739+01:00 TRACE 72666 --- [intelligent_pv] [           main] c.d.o.d.i.c.t.c.r.CachingCodecRegistry   : [s0] Cache miss, creating codec
2024-12-04T11:45:12.741+01:00 TRACE 72666 --- [intelligent_pv] [           main] c.d.o.d.internal.core.util.Reflection    : Attempting to load com.esri.core.geometry.ogc.OGCGeometry with driver's class loader
2024-12-04T11:45:12.741+01:00 DEBUG 72666 --- [intelligent_pv] [           main] c.d.o.d.internal.core.util.Reflection    : Could not load com.esri.core.geometry.ogc.OGCGeometry with loader null: java.lang.ClassNotFoundException: com.esri.core.geometry.ogc.OGCGeometry
java.lang.ClassNotFoundException: com.esri.core.geometry.ogc.OGCGeometry
	at java.base/jdk.internal.loader.BuiltinClassLoader.loadClass(BuiltinClassLoader.java:641)
	at java.base/jdk.internal.loader.ClassLoaders$AppClassLoader.loadClass(ClassLoaders.java:188)
	at java.base/java.lang.ClassLoader.loadClass(ClassLoader.java:525)
	at java.base/java.lang.Class.forName0(Native Method)
	at java.base/java.lang.Class.forName(Class.java:413)
	at java.base/java.lang.Class.forName(Class.java:404)
	at com.datastax.oss.driver.internal.core.util.Reflection.loadClass(Reflection.java:59)
	at com.datastax.oss.driver.internal.core.util.DefaultDependencyChecker.lambda$isPresent$0(DefaultDependencyChecker.java:50)
	at java.base/java.util.concurrent.ConcurrentHashMap.computeIfAbsent(ConcurrentHashMap.java:1710)
	at com.datastax.oss.driver.internal.core.util.DefaultDependencyChecker.isPresent(DefaultDependencyChecker.java:43)
	at com.datastax.dse.driver.internal.core.type.codec.DseTypeCodecsRegistrar.registerDseCodecs(DseTypeCodecsRegistrar.java:34)
	at com.datastax.oss.driver.internal.core.context.DefaultDriverContext.buildCodecRegistry(DefaultDriverContext.java:525)
	at com.datastax.oss.driver.internal.core.context.DefaultDriverContext.<init>(DefaultDriverContext.java:262)
	at com.datastax.oss.driver.api.core.session.SessionBuilder.buildContext(SessionBuilder.java:970)
	at com.datastax.oss.driver.api.core.session.SessionBuilder.buildDefaultSessionAsync(SessionBuilder.java:906)
	at com.datastax.oss.driver.api.core.session.SessionBuilder.buildAsync(SessionBuilder.java:819)
	at com.datastax.oss.driver.api.core.session.SessionBuilder.build(SessionBuilder.java:837)
	at org.springframework.boot.autoconfigure.cassandra.CassandraAutoConfiguration.cassandraSession(CassandraAutoConfiguration.java:109)
	at java.base/jdk.internal.reflect.DirectMethodHandleAccessor.invoke(DirectMethodHandleAccessor.java:103)
	at java.base/java.lang.reflect.Method.invoke(Method.java:580)
	at org.springframework.beans.factory.support.SimpleInstantiationStrategy.instantiate(SimpleInstantiationStrategy.java:140)
	at org.springframework.beans.factory.support.ConstructorResolver.instantiate(ConstructorResolver.java:644)
	at org.springframework.beans.factory.support.ConstructorResolver.instantiateUsingFactoryMethod(ConstructorResolver.java:636)
	at org.springframework.beans.factory.support.AbstractAutowireCapableBeanFactory.instantiateUsingFactoryMethod(AbstractAutowireCapableBeanFactory.java:1337)
	at org.springframework.beans.factory.support.AbstractAutowireCapableBeanFactory.createBeanInstance(AbstractAutowireCapableBeanFactory.java:1167)
	at org.springframework.beans.factory.support.AbstractAutowireCapableBeanFactory.doCreateBean(AbstractAutowireCapableBeanFactory.java:562)
	at org.springframework.beans.factory.support.AbstractAutowireCapableBeanFactory.createBean(AbstractAutowireCapableBeanFactory.java:522)
	at org.springframework.beans.factory.support.AbstractBeanFactory.lambda$doGetBean$0(AbstractBeanFactory.java:337)
	at org.springframework.beans.factory.support.DefaultSingletonBeanRegistry.getSingleton(DefaultSingletonBeanRegistry.java:234)
	at org.springframework.beans.factory.support.AbstractBeanFactory.doGetBean(AbstractBeanFactory.java:335)
	at org.springframework.beans.factory.support.AbstractBeanFactory.getBean(AbstractBeanFactory.java:200)
	at org.springframework.beans.factory.config.DependencyDescriptor.resolveCandidate(DependencyDescriptor.java:254)
	at org.springframework.beans.factory.support.DefaultListableBeanFactory.doResolveDependency(DefaultListableBeanFactory.java:1443)
	at org.springframework.context.annotation.ContextAnnotationAutowireCandidateResolver$1.getTarget(ContextAnnotationAutowireCandidateResolver.java:103)
	at org.springframework.aop.framework.JdkDynamicAopProxy.invoke(JdkDynamicAopProxy.java:203)
	at jdk.proxy2/jdk.proxy2.$Proxy88.getContext(Unknown Source)
	at org.springframework.boot.autoconfigure.data.cassandra.CassandraDataAutoConfiguration.lambda$cassandraConverter$0(CassandraDataAutoConfiguration.java:100)
	at org.springframework.data.util.Lazy.getNullable(Lazy.java:135)
	at org.springframework.data.util.Lazy.get(Lazy.java:113)
	at org.springframework.data.cassandra.core.convert.MappingCassandraConverter.getCodecRegistry(MappingCassandraConverter.java:264)
	at org.springframework.data.cassandra.core.convert.DefaultColumnTypeResolver.getCodecRegistry(DefaultColumnTypeResolver.java:485)
	at org.springframework.data.cassandra.core.convert.DefaultColumnTypeResolver.tryResolve(DefaultColumnTypeResolver.java:244)
	at org.springframework.data.cassandra.core.convert.DefaultColumnTypeResolver.createCassandraTypeDescriptor(DefaultColumnTypeResolver.java:466)
	at org.springframework.data.cassandra.core.convert.DefaultColumnTypeResolver.lambda$resolve$1(DefaultColumnTypeResolver.java:225)
	at java.base/java.util.Optional.orElseGet(Optional.java:364)
	at org.springframework.data.cassandra.core.convert.DefaultColumnTypeResolver.resolve(DefaultColumnTypeResolver.java:224)
	at org.springframework.data.cassandra.core.convert.DefaultColumnTypeResolver.doResolve(DefaultColumnTypeResolver.java:170)
	at org.springframework.data.cassandra.core.convert.DefaultColumnTypeResolver.resolve(DefaultColumnTypeResolver.java:111)
	at org.springframework.data.cassandra.core.convert.SchemaFactory.getDataType(SchemaFactory.java:197)
	at org.springframework.data.cassandra.core.convert.SchemaFactory.getCreateTableSpecificationFor(SchemaFactory.java:173)
	at org.springframework.data.cassandra.core.convert.SchemaFactory.getCreateTableSpecificationFor(SchemaFactory.java:126)
	at org.springframework.data.cassandra.core.CassandraPersistentEntitySchemaCreator.lambda$createTableSpecifications$1(CassandraPersistentEntitySchemaCreator.java:113)
	at java.base/java.util.stream.ReferencePipeline$3$1.accept(ReferencePipeline.java:212)
	at java.base/java.util.concurrent.ConcurrentHashMap$KeySpliterator.forEachRemaining(ConcurrentHashMap.java:3575)
	at java.base/java.util.stream.AbstractPipeline.copyInto(AbstractPipeline.java:556)
	at java.base/java.util.stream.AbstractPipeline.wrapAndCopyInto(AbstractPipeline.java:546)
	at java.base/java.util.stream.ReduceOps$ReduceOp.evaluateSequential(ReduceOps.java:921)
	at java.base/java.util.stream.AbstractPipeline.evaluate(AbstractPipeline.java:265)
	at java.base/java.util.stream.ReferencePipeline.collect(ReferencePipeline.java:702)
	at org.springframework.data.cassandra.core.CassandraPersistentEntitySchemaCreator.createTableSpecifications(CassandraPersistentEntitySchemaCreator.java:115)
	at org.springframework.data.cassandra.core.CassandraPersistentEntitySchemaCreator.createTables(CassandraPersistentEntitySchemaCreator.java:98)
	at org.springframework.data.cassandra.config.SessionFactoryFactoryBean.performSchemaActions(SessionFactoryFactoryBean.java:267)
	at org.springframework.data.cassandra.config.SessionFactoryFactoryBean.createTables(SessionFactoryFactoryBean.java:238)
	at org.springframework.data.cassandra.config.SessionFactoryFactoryBean.performSchemaAction(SessionFactoryFactoryBean.java:224)
	at org.springframework.data.cassandra.config.SessionFactoryFactoryBean.lambda$afterPropertiesSet$0(SessionFactoryFactoryBean.java:157)
	at org.springframework.data.cassandra.config.SchemaUtils.withAsyncSchemaRefresh(SchemaUtils.java:96)
	at org.springframework.data.cassandra.config.SchemaUtils.withSchemaRefresh(SchemaUtils.java:84)
	at org.springframework.data.cassandra.config.SessionFactoryFactoryBean.afterPropertiesSet(SessionFactoryFactoryBean.java:163)
	at org.springframework.beans.factory.support.AbstractAutowireCapableBeanFactory.invokeInitMethods(AbstractAutowireCapableBeanFactory.java:1835)
	at org.springframework.beans.factory.support.AbstractAutowireCapableBeanFactory.initializeBean(AbstractAutowireCapableBeanFactory.java:1784)
	at org.springframework.beans.factory.support.AbstractAutowireCapableBeanFactory.doCreateBean(AbstractAutowireCapableBeanFactory.java:600)
	at org.springframework.beans.factory.support.AbstractAutowireCapableBeanFactory.createBean(AbstractAutowireCapableBeanFactory.java:522)
	at org.springframework.beans.factory.support.AbstractBeanFactory.lambda$doGetBean$0(AbstractBeanFactory.java:337)
	at org.springframework.beans.factory.support.DefaultSingletonBeanRegistry.getSingleton(DefaultSingletonBeanRegistry.java:234)
	at org.springframework.beans.factory.support.AbstractBeanFactory.doGetBean(AbstractBeanFactory.java:335)
	at org.springframework.beans.factory.support.AbstractBeanFactory.getBean(AbstractBeanFactory.java:200)
	at org.springframework.beans.factory.config.DependencyDescriptor.resolveCandidate(DependencyDescriptor.java:254)
	at org.springframework.beans.factory.support.DefaultListableBeanFactory.doResolveDependency(DefaultListableBeanFactory.java:1443)
	at org.springframework.beans.factory.support.DefaultListableBeanFactory.resolveDependency(DefaultListableBeanFactory.java:1353)
	at org.springframework.beans.factory.support.ConstructorResolver.resolveAutowiredArgument(ConstructorResolver.java:904)
	at org.springframework.beans.factory.support.ConstructorResolver.createArgumentArray(ConstructorResolver.java:782)
	at org.springframework.beans.factory.support.ConstructorResolver.instantiateUsingFactoryMethod(ConstructorResolver.java:542)
	at org.springframework.beans.factory.support.AbstractAutowireCapableBeanFactory.instantiateUsingFactoryMethod(AbstractAutowireCapableBeanFactory.java:1337)
	at org.springframework.beans.factory.support.AbstractAutowireCapableBeanFactory.createBeanInstance(AbstractAutowireCapableBeanFactory.java:1167)
	at org.springframework.beans.factory.support.AbstractAutowireCapableBeanFactory.doCreateBean(AbstractAutowireCapableBeanFactory.java:562)
	at org.springframework.beans.factory.support.AbstractAutowireCapableBeanFactory.createBean(AbstractAutowireCapableBeanFactory.java:522)
	at org.springframework.beans.factory.support.AbstractBeanFactory.lambda$doGetBean$0(AbstractBeanFactory.java:337)
	at org.springframework.beans.factory.support.DefaultSingletonBeanRegistry.getSingleton(DefaultSingletonBeanRegistry.java:234)
[...]

   RedisCacheConfiguration:
      Did not match:
         - @ConditionalOnClass did not find required class 'org.springframework.data.redis.connection.RedisConnectionFactory' (OnClassCondition)

   RedisHealthContributorAutoConfiguration:
      Did not match:
         - @ConditionalOnClass did not find required class 'org.springframework.data.redis.connection.RedisConnectionFactory' (OnClassCondition)

   RedisReactiveAutoConfiguration:
      Did not match:
         - @ConditionalOnClass did not find required class 'reactor.core.publisher.Flux' (OnClassCondition)

   RedisReactiveHealthContributorAutoConfiguration:
      Did not match:
         - @ConditionalOnClass did not find required class 'reactor.core.publisher.Flux' (OnClassCondition)

   RedisRepositoriesAutoConfiguration:
      Did not match:
         - @ConditionalOnClass did not find required class 'org.springframework.data.redis.repository.configuration.EnableRedisRepositories' (OnClassCondition)

   RemoteDevToolsAutoConfiguration:
      Did not match:
         - @ConditionalOnProperty (spring.devtools.remote.secret) did not find property 'secret' (OnPropertyCondition)
      Matched:
         - @ConditionalOnClass found required classes 'jakarta.servlet.Filter', 'org.springframework.http.server.ServerHttpRequest' (OnClassCondition)

   RepositoryRestMvcAutoConfiguration:
      Did not match:
         - @ConditionalOnClass did not find required class 'org.springframework.data.rest.webmvc.config.RepositoryRestMvcConfiguration' (OnClassCondition)

   Saml2RelyingPartyAutoConfiguration:
      Did not match:
         - @ConditionalOnClass did not find required class 'org.springframework.security.saml2.provider.service.registration.RelyingPartyRegistrationRepository' (OnClassCondition)

   SbomEndpointAutoConfiguration:
      Did not match:
         - @ConditionalOnAvailableEndpoint no 'management.endpoints' property marked it as exposed (OnAvailableEndpointCondition)

   ScheduledTasksEndpointAutoConfiguration:
      Did not match:
         - @ConditionalOnAvailableEndpoint no 'management.endpoints' property marked it as exposed (OnAvailableEndpointCondition)

   SecurityDataConfiguration:
      Did not match:
         - @ConditionalOnClass did not find required class 'org.springframework.security.data.repository.query.SecurityEvaluationContextExtension' (OnClassCondition)

   SecurityRequestMatchersManagementContextConfiguration.JerseyRequestMatcherConfiguration:
      Did not match:
         - @ConditionalOnClass did not find required class 'org.glassfish.jersey.server.ResourceConfig' (OnClassCondition)

   SendGridAutoConfiguration:
      Did not match:
         - @ConditionalOnClass did not find required class 'com.sendgrid.SendGrid' (OnClassCondition)

   ServletEndpointManagementContextConfiguration.JerseyServletEndpointManagementContextConfiguration:
      Did not match:
         - @ConditionalOnClass did not find required class 'org.glassfish.jersey.server.ResourceConfig' (OnClassCondition)

   ServletManagementContextAutoConfiguration.ApplicationContextFilterConfiguration:
      Did not match:
         - @ConditionalOnProperty (management.server.add-application-context-header=true) did not find property 'add-application-context-header' (OnPropertyCondition)

   ServletWebServerFactoryAutoConfiguration.ForwardedHeaderFilterConfiguration:
      Did not match:
         - @ConditionalOnProperty (server.forward-headers-strategy=framework) did not find property 'server.forward-headers-strategy' (OnPropertyCondition)

   ServletWebServerFactoryConfiguration.EmbeddedJetty:
      Did not match:
         - @ConditionalOnClass did not find required classes 'org.eclipse.jetty.server.Server', 'org.eclipse.jetty.util.Loader', 'org.eclipse.jetty.ee10.webapp.WebAppContext' (OnClassCondition)

   ServletWebServerFactoryConfiguration.EmbeddedUndertow:
      Did not match:
         - @ConditionalOnClass did not find required classes 'io.undertow.Undertow', 'org.xnio.SslClientAuthMode' (OnClassCondition)

   SessionAutoConfiguration:
      Did not match:
         - @ConditionalOnClass did not find required class 'org.springframework.session.Session' (OnClassCondition)

   SessionsEndpointAutoConfiguration:
      Did not match:
         - @ConditionalOnClass did not find required class 'org.springframework.session.Session' (OnClassCondition)

   ShutdownEndpointAutoConfiguration:
      Did not match:
         - @ConditionalOnAvailableEndpoint no property management.endpoint.shutdown.enabled found so using endpoint default of false (OnAvailableEndpointCondition)

   SignalFxMetricsExportAutoConfiguration:
      Did not match:
         - @ConditionalOnClass did not find required class 'io.micrometer.signalfx.SignalFxMeterRegistry' (OnClassCondition)

   SpringApplicationAdminJmxAutoConfiguration:
      Did not match:
         - @ConditionalOnProperty (spring.application.admin.enabled=true) did not find property 'enabled' (OnPropertyCondition)

   SpringBootWebSecurityConfiguration.SecurityFilterChainConfiguration:
      Did not match:
         - AllNestedConditions 1 matched 1 did not; NestedCondition on DefaultWebSecurityCondition.Beans @ConditionalOnMissingBean (types: org.springframework.security.web.SecurityFilterChain; SearchStrategy: all) found beans of type 'org.springframework.security.web.SecurityFilterChain' filterChain; NestedCondition on DefaultWebSecurityCondition.Classes @ConditionalOnClass found required classes 'org.springframework.security.web.SecurityFilterChain', 'org.springframework.security.config.annotation.web.builders.HttpSecurity' (DefaultWebSecurityCondition)

   SpringBootWebSecurityConfiguration.WebSecurityEnablerConfiguration:
      Did not match:
         - @ConditionalOnMissingBean (names: springSecurityFilterChain; SearchStrategy: all) found beans named springSecurityFilterChain (OnBeanCondition)
      Matched:
         - @ConditionalOnClass found required class 'org.springframework.security.config.annotation.web.configuration.EnableWebSecurity' (OnClassCondition)

   StackdriverMetricsExportAutoConfiguration:
      Did not match:
         - @ConditionalOnClass did not find required class 'io.micrometer.stackdriver.StackdriverMeterRegistry' (OnClassCondition)

   StartupEndpointAutoConfiguration:
      Did not match:
         - ApplicationStartup configured applicationStartup is of type class org.springframework.core.metrics.DefaultApplicationStartup, expected BufferingApplicationStartup. (StartupEndpointAutoConfiguration.ApplicationStartupCondition)

   StatsdMetricsExportAutoConfiguration:
      Did not match:
         - @ConditionalOnClass did not find required class 'io.micrometer.statsd.StatsdMeterRegistry' (OnClassCondition)

   TaskExecutorConfigurations.SimpleAsyncTaskExecutorBuilderConfiguration#simpleAsyncTaskExecutorBuilderVirtualThreads:
      Did not match:
         - @ConditionalOnMissingBean (types: org.springframework.boot.task.SimpleAsyncTaskExecutorBuilder; SearchStrategy: all) found beans of type 'org.springframework.boot.task.SimpleAsyncTaskExecutorBuilder' simpleAsyncTaskExecutorBuilder (OnBeanCondition)

   TaskExecutorConfigurations.TaskExecutorConfiguration#applicationTaskExecutorVirtualThreads:
      Did not match:
         - @ConditionalOnThreading did not find VIRTUAL (OnThreadingCondition)

   TaskSchedulingAutoConfiguration#scheduledBeanLazyInitializationExcludeFilter:
      Did not match:
         - @ConditionalOnBean (names: org.springframework.context.annotation.internalScheduledAnnotationProcessor; SearchStrategy: all) did not find any beans named org.springframework.context.annotation.internalScheduledAnnotationProcessor (OnBeanCondition)

   TaskSchedulingConfigurations.SimpleAsyncTaskSchedulerBuilderConfiguration#simpleAsyncTaskSchedulerBuilderVirtualThreads:
      Did not match:
         - @ConditionalOnMissingBean (types: org.springframework.boot.task.SimpleAsyncTaskSchedulerBuilder; SearchStrategy: all) found beans of type 'org.springframework.boot.task.SimpleAsyncTaskSchedulerBuilder' simpleAsyncTaskSchedulerBuilder (OnBeanCondition)

   TaskSchedulingConfigurations.TaskSchedulerConfiguration:
      Did not match:
         - @ConditionalOnBean (names: org.springframework.context.annotation.internalScheduledAnnotationProcessor; SearchStrategy: all) did not find any beans named org.springframework.context.annotation.internalScheduledAnnotationProcessor (OnBeanCondition)

   ThreadDumpEndpointAutoConfiguration:
      Did not match:
         - @ConditionalOnAvailableEndpoint no 'management.endpoints' property marked it as exposed (OnAvailableEndpointCondition)

   ThymeleafAutoConfiguration:
      Did not match:
         - @ConditionalOnClass did not find required class 'org.thymeleaf.spring6.SpringTemplateEngine' (OnClassCondition)

   TransactionAutoConfiguration#transactionalOperator:
      Did not match:
         - @ConditionalOnSingleCandidate (types: org.springframework.transaction.ReactiveTransactionManager; SearchStrategy: all) did not find any beans (OnBeanCondition)

   TransactionAutoConfiguration.AspectJTransactionManagementConfiguration:
      Did not match:
         - @ConditionalOnBean did not find required type 'org.springframework.transaction.aspectj.AbstractTransactionAspect' (OnBeanCondition)
         - @ConditionalOnBean (types: org.springframework.transaction.aspectj.AbstractTransactionAspect; SearchStrategy: all) did not find any beans of type org.springframework.transaction.aspectj.AbstractTransactionAspect (OnBeanCondition)

   TransactionAutoConfiguration.EnableTransactionManagementConfiguration:
      Did not match:
         - @ConditionalOnBean (types: org.springframework.transaction.TransactionManager; SearchStrategy: all) did not find any beans of type org.springframework.transaction.TransactionManager (OnBeanCondition)

   TransactionAutoConfiguration.EnableTransactionManagementConfiguration.CglibAutoProxyConfiguration:
      Did not match:
         - Ancestor org.springframework.boot.autoconfigure.transaction.TransactionAutoConfiguration$EnableTransactionManagementConfiguration did not match (ConditionEvaluationReport.AncestorsMatchedCondition)
      Matched:
         - @ConditionalOnProperty (spring.aop.proxy-target-class=true) matched (OnPropertyCondition)

   TransactionAutoConfiguration.EnableTransactionManagementConfiguration.JdkDynamicAutoProxyConfiguration:
      Did not match:
         - @ConditionalOnProperty (spring.aop.proxy-target-class=false) did not find property 'proxy-target-class' (OnPropertyCondition)
         - Ancestor org.springframework.boot.autoconfigure.transaction.TransactionAutoConfiguration$EnableTransactionManagementConfiguration did not match (ConditionEvaluationReport.AncestorsMatchedCondition)

   TransactionAutoConfiguration.TransactionTemplateConfiguration:
      Did not match:
         - @ConditionalOnSingleCandidate (types: org.springframework.transaction.PlatformTransactionManager; SearchStrategy: all) did not find any beans (OnBeanCondition)

   UserDetailsServiceAutoConfiguration:
      Did not match:
         - @ConditionalOnMissingBean (types: org.springframework.security.authentication.AuthenticationManager,org.springframework.security.authentication.AuthenticationProvider,org.springframework.security.core.userdetails.UserDetailsService,org.springframework.security.authentication.AuthenticationManagerResolver,org.springframework.security.oauth2.jwt.JwtDecoder; SearchStrategy: all) found beans of type 'org.springframework.security.authentication.AuthenticationManager' authenticationManager and found beans of type 'org.springframework.security.core.userdetails.UserDetailsService' userDetailsServiceImpl (OnBeanCondition)
      Matched:
         - @ConditionalOnClass found required class 'org.springframework.security.authentication.AuthenticationManager' (OnClassCondition)
         - AnyNestedCondition 1 matched 2 did not; NestedCondition on UserDetailsServiceAutoConfiguration.MissingAlternativeOrUserPropertiesConfigured.PasswordConfigured @ConditionalOnProperty (spring.security.user.password) did not find property 'password'; NestedCondition on UserDetailsServiceAutoConfiguration.MissingAlternativeOrUserPropertiesConfigured.NameConfigured @ConditionalOnProperty (spring.security.user.name) did not find property 'name'; NestedCondition on UserDetailsServiceAutoConfiguration.MissingAlternativeOrUserPropertiesConfigured.MissingAlternative @ConditionalOnMissingClass did not find unwanted classes 'org.springframework.security.oauth2.client.registration.ClientRegistrationRepository', 'org.springframework.security.oauth2.server.resource.introspection.OpaqueTokenIntrospector', 'org.springframework.security.saml2.provider.service.registration.RelyingPartyRegistrationRepository' (UserDetailsServiceAutoConfiguration.MissingAlternativeOrUserPropertiesConfigured)

   WavefrontAutoConfiguration:
      Did not match:
         - @ConditionalOnClass did not find required class 'com.wavefront.sdk.common.application.ApplicationTags' (OnClassCondition)

   WavefrontMetricsExportAutoConfiguration:
      Did not match:
         - @ConditionalOnClass did not find required class 'com.wavefront.sdk.common.WavefrontSender' (OnClassCondition)

   WavefrontTracingAutoConfiguration:
      Did not match:
         - @ConditionalOnClass did not find required class 'com.wavefront.sdk.common.WavefrontSender' (OnClassCondition)

   WebClientAutoConfiguration:
      Did not match:
         - @ConditionalOnClass did not find required class 'org.springframework.web.reactive.function.client.WebClient' (OnClassCondition)

   WebClientObservationConfiguration:
      Did not match:
         - @ConditionalOnClass did not find required class 'org.springframework.web.reactive.function.client.WebClient' (OnClassCondition)

   WebFluxAutoConfiguration:
      Did not match:
         - @ConditionalOnClass did not find required class 'org.springframework.web.reactive.config.WebFluxConfigurer' (OnClassCondition)

   WebFluxEndpointManagementContextConfiguration:
      Did not match:
         - @ConditionalOnClass did not find required class 'org.springframework.web.reactive.DispatcherHandler' (OnClassCondition)

   WebFluxObservationAutoConfiguration:
      Did not match:
         - @ConditionalOnWebApplication did not find reactive web application classes (OnWebApplicationCondition)

   WebMvcAutoConfiguration#hiddenHttpMethodFilter:
      Did not match:
         - @ConditionalOnProperty (spring.mvc.hiddenmethod.filter.enabled) did not find property 'enabled' (OnPropertyCondition)

   WebMvcAutoConfiguration.ProblemDetailsErrorHandlingConfiguration:
      Did not match:
         - @ConditionalOnProperty (spring.mvc.problemdetails.enabled=true) did not find property 'enabled' (OnPropertyCondition)

   WebMvcAutoConfiguration.ResourceChainCustomizerConfiguration:
      Did not match:
         - @ConditionalOnEnabledResourceChain did not find class org.webjars.WebJarAssetLocator (OnEnabledResourceChainCondition)

   WebMvcAutoConfiguration.WebMvcAutoConfigurationAdapter#beanNameViewResolver:
      Did not match:
         - @ConditionalOnMissingBean (types: org.springframework.web.servlet.view.BeanNameViewResolver; SearchStrategy: all) found beans of type 'org.springframework.web.servlet.view.BeanNameViewResolver' beanNameViewResolver (OnBeanCondition)

   WebMvcEndpointManagementContextConfiguration#managementHealthEndpointWebMvcHandlerMapping:
      Did not match:
         - Management Port actual port type (SAME) did not match required type (DIFFERENT) (OnManagementPortCondition)

   WebServiceTemplateAutoConfiguration:
      Did not match:
         - @ConditionalOnClass did not find required class 'org.springframework.oxm.Marshaller' (OnClassCondition)

   WebServicesAutoConfiguration:
      Did not match:
         - @ConditionalOnClass did not find required class 'org.springframework.ws.transport.http.MessageDispatcherServlet' (OnClassCondition)

   WebSessionIdResolverAutoConfiguration:
      Did not match:
         - @ConditionalOnClass did not find required class 'reactor.core.publisher.Mono' (OnClassCondition)

   WebSocketMessagingAutoConfiguration:
      Did not match:
         - @ConditionalOnClass did not find required class 'org.springframework.web.socket.config.annotation.WebSocketMessageBrokerConfigurer' (OnClassCondition)

   WebSocketReactiveAutoConfiguration:
      Did not match:
         - @ConditionalOnWebApplication did not find reactive web application classes (OnWebApplicationCondition)

   WebSocketServletAutoConfiguration.JettyWebSocketConfiguration:
      Did not match:
         - @ConditionalOnClass did not find required class 'org.eclipse.jetty.ee10.websocket.jakarta.server.config.JakartaWebSocketServletContainerInitializer' (OnClassCondition)

   WebSocketServletAutoConfiguration.UndertowWebSocketConfiguration:
      Did not match:
         - @ConditionalOnClass did not find required class 'io.undertow.websockets.jsr.Bootstrap' (OnClassCondition)

   XADataSourceAutoConfiguration:
      Did not match:
         - @ConditionalOnClass did not find required class 'jakarta.transaction.TransactionManager' (OnClassCondition)

   ZipkinAutoConfiguration:
      Did not match:
         - @ConditionalOnClass did not find required class 'zipkin2.reporter.Encoding' (OnClassCondition)


Exclusions:
-----------

    None


Unconditional classes:
----------------------

    org.springframework.boot.autoconfigure.context.ConfigurationPropertiesAutoConfiguration

    org.springframework.boot.actuate.autoconfigure.availability.AvailabilityHealthContributorAutoConfiguration

    org.springframework.boot.autoconfigure.ssl.SslAutoConfiguration

    org.springframework.boot.actuate.autoconfigure.info.InfoContributorAutoConfiguration

    org.springframework.boot.autoconfigure.context.PropertyPlaceholderAutoConfiguration

    org.springframework.boot.autoconfigure.context.LifecycleAutoConfiguration

    org.springframework.boot.actuate.autoconfigure.metrics.integration.IntegrationMetricsAutoConfiguration

    org.springframework.boot.actuate.autoconfigure.endpoint.EndpointAutoConfiguration

    org.springframework.boot.actuate.autoconfigure.web.server.ManagementContextAutoConfiguration

    org.springframework.boot.actuate.autoconfigure.health.HealthContributorAutoConfiguration

    org.springframework.boot.actuate.autoconfigure.endpoint.jackson.JacksonEndpointAutoConfiguration

    org.springframework.boot.autoconfigure.availability.ApplicationAvailabilityAutoConfiguration

    org.springframework.boot.autoconfigure.info.ProjectInfoAutoConfiguration



2024-12-04T11:45:14.200+01:00  INFO 72666 --- [intelligent_pv] [           main] g.m.i.pv.IntelligentPvApplicationTests   : Started IntelligentPvApplicationTests in 2.637 seconds (process running for 3.139)
2024-12-04T11:45:14.254+01:00 DEBUG 72666 --- [intelligent_pv] [           main] o.s.b.a.ApplicationAvailabilityBean      : Application availability state LivenessState changed to CORRECT
2024-12-04T11:45:14.255+01:00 DEBUG 72666 --- [intelligent_pv] [           main] o.s.boot.devtools.restart.Restarter      : Creating new Restarter for thread Thread[#1,main,5,main]
2024-12-04T11:45:14.255+01:00 DEBUG 72666 --- [intelligent_pv] [           main] o.s.b.a.ApplicationAvailabilityBean      : Application availability state ReadinessState changed to ACCEPTING_TRAFFIC
]]></system-out>
    <system-err><![CDATA[WARNING: A Java agent has been loaded dynamically (/Users/youssef.elassaoui/.m2/repository/net/bytebuddy/byte-buddy-agent/1.14.16/byte-buddy-agent-1.14.16.jar)
WARNING: If a serviceability tool is in use, please run with -XX:+EnableDynamicAgentLoading to hide this warning
WARNING: If a serviceability tool is not in use, please run with -Djdk.instrument.traceUsage for more information
WARNING: Dynamic loading of agents will be disallowed by default in a future release
]]></system-err>
  </testcase>
</testsuite>